 ****** URGENT - Version 3.0 ******

 UNDULATOR : PERIOD = 0.01800  KX =  0.0000  KY =  1.6800  PHASE =    0.0  N = 222

 PHOTON ENERGY RANGE : MIN =      0.000  MAX =      0.000  N =    0

 ELECTRON BEAM : ENERGY =  6.040  CURRENT = 0.200
 SIGX = 0.3950  SIGY = 0.0099  SIGX1 = 0.0105  SIGY1 = 0.0039

 ACCEPTANCE : D =   30.000  XCENTRE =   0.000  YCENTRE =   0.000
 XSIZE =   3.000  YSIZE =   3.000  NXP = 40  NYP = 40

 MODE = 6  ICALC = 1  IHARM =  -200
 NPHI =   0 NSIG =   4 NALPHA =   0 DALPHA =  0.0 NOMEGA =    0 DOMEGA =  0.0

 E1 =   7982.253 EV  LAMDA1 =      1.553 ANGSTROM
 TOTAL POWER =  18413.693 WATTS  POWER DENSITY = 624334.787 WATTS/MRAD**2

 UNITS :
 IRRADIANCE -               PHOTONS/S/MM**2/0.1%BW
 ANGULAR FLUX DENSITY -     PHOTONS/S/MRAD**2/0.1%BW
 BRIGHTNESS -               PHOTONS/S/MRAD*2/MM**2/0.1%BW
 FLUX -                     PHOTONS/S/0.1%BW
 (SPECTRAL) POWER DENSITY - WATTS/MM**2 OR MRAD**2(/EV)
 (SPECTRAL) POWER -         WATTS(/EV)



 ANGULAR DISTRIBUTION - HARMONICS 1 TO 200

  X (MM)    Y (MM)   POWER DENSITY       FLUX

    0.000     0.000   0.685525D+03   0.189016D+18
    0.000     0.037   0.685275D+03   0.188994D+18
    0.000     0.075   0.684499D+03   0.188911D+18
    0.000     0.112   0.682998D+03   0.188715D+18
    0.000     0.150   0.681121D+03   0.188502D+18
    0.000     0.188   0.678686D+03   0.188219D+18
    0.000     0.225   0.675557D+03   0.187827D+18
    0.000     0.263   0.672076D+03   0.187420D+18
    0.000     0.300   0.668046D+03   0.186939D+18
    0.000     0.337   0.663366D+03   0.186354D+18
    0.000     0.375   0.658374D+03   0.185757D+18
    0.000     0.412   0.652800D+03   0.185067D+18
    0.000     0.450   0.646823D+03   0.184332D+18
    0.000     0.487   0.640365D+03   0.183527D+18
    0.000     0.525   0.633453D+03   0.182652D+18
    0.000     0.562   0.626190D+03   0.181736D+18
    0.000     0.600   0.618450D+03   0.180734D+18
    0.000     0.637   0.610498D+03   0.179721D+18
    0.000     0.675   0.602050D+03   0.178611D+18
    0.000     0.713   0.593272D+03   0.177440D+18
    0.000     0.750   0.584342D+03   0.176262D+18
    0.000     0.787   0.574976D+03   0.174986D+18
    0.000     0.825   0.565360D+03   0.173659D+18
    0.000     0.862   0.555615D+03   0.172313D+18
    0.000     0.900   0.545587D+03   0.170902D+18
    0.000     0.938   0.535360D+03   0.169434D+18
    0.000     0.975   0.525051D+03   0.167950D+18
    0.000     1.012   0.514583D+03   0.166419D+18
    0.000     1.050   0.503884D+03   0.164808D+18
    0.000     1.087   0.493228D+03   0.163203D+18
    0.000     1.125   0.482468D+03   0.161553D+18
    0.000     1.162   0.471555D+03   0.159832D+18
    0.000     1.200   0.460748D+03   0.158124D+18
    0.000     1.238   0.449889D+03   0.156373D+18
    0.000     1.275   0.439010D+03   0.154581D+18
    0.000     1.312   0.428168D+03   0.152768D+18
    0.000     1.350   0.417354D+03   0.150925D+18
    0.000     1.387   0.406642D+03   0.149074D+18
    0.000     1.425   0.395978D+03   0.147194D+18
    0.000     1.462   0.385446D+03   0.145308D+18
    0.000     1.500   0.374950D+03   0.143386D+18
    0.037     0.000   0.685467D+03   0.188994D+18
    0.037     0.037   0.685351D+03   0.189006D+18
    0.037     0.075   0.684511D+03   0.188906D+18
    0.037     0.112   0.683005D+03   0.188709D+18
    0.037     0.150   0.681192D+03   0.188513D+18
    0.037     0.188   0.678694D+03   0.188213D+18
    0.037     0.225   0.675563D+03   0.187821D+18
    0.037     0.263   0.672113D+03   0.187422D+18
    0.037     0.300   0.668057D+03   0.186934D+18
    0.037     0.337   0.663411D+03   0.186359D+18
    0.037     0.375   0.658380D+03   0.185751D+18
    0.037     0.412   0.652870D+03   0.185079D+18
    0.037     0.450   0.646828D+03   0.184326D+18
    0.037     0.487   0.640371D+03   0.183521D+18
    0.037     0.525   0.633530D+03   0.182666D+18
    0.037     0.562   0.626195D+03   0.181730D+18
    0.037     0.600   0.618482D+03   0.180737D+18
    0.037     0.637   0.610473D+03   0.179706D+18
    0.037     0.675   0.602083D+03   0.178612D+18
    0.037     0.713   0.593277D+03   0.177434D+18
    0.037     0.750   0.584353D+03   0.176257D+18
    0.037     0.787   0.575041D+03   0.174998D+18
    0.037     0.825   0.565365D+03   0.173654D+18
    0.037     0.862   0.555674D+03   0.172324D+18
    0.037     0.900   0.545653D+03   0.170914D+18
    0.037     0.938   0.535364D+03   0.169429D+18
    0.037     0.975   0.525102D+03   0.167960D+18
    0.037     1.012   0.514587D+03   0.166414D+18
    0.037     1.050   0.503888D+03   0.164803D+18
    0.037     1.087   0.493253D+03   0.163204D+18
    0.037     1.125   0.482468D+03   0.161547D+18
    0.037     1.162   0.471558D+03   0.159827D+18
    0.037     1.200   0.460751D+03   0.158119D+18
    0.037     1.238   0.449898D+03   0.156369D+18
    0.037     1.275   0.438982D+03   0.154567D+18
    0.037     1.312   0.428171D+03   0.152764D+18
    0.037     1.350   0.417421D+03   0.150943D+18
    0.037     1.387   0.406643D+03   0.149069D+18
    0.037     1.425   0.395966D+03   0.147183D+18
    0.037     1.462   0.385443D+03   0.145302D+18
    0.037     1.500   0.374950D+03   0.143381D+18
    0.075     0.000   0.685442D+03   0.188966D+18
    0.075     0.037   0.685273D+03   0.188965D+18
    0.075     0.075   0.684435D+03   0.188865D+18
    0.075     0.112   0.682979D+03   0.188680D+18
    0.075     0.150   0.681114D+03   0.188471D+18
    0.075     0.188   0.678589D+03   0.188164D+18
    0.075     0.225   0.675507D+03   0.187785D+18
    0.075     0.263   0.672063D+03   0.187388D+18
    0.075     0.300   0.667952D+03   0.186885D+18
    0.075     0.337   0.663359D+03   0.186324D+18
    0.075     0.375   0.658326D+03   0.185715D+18
    0.075     0.412   0.652775D+03   0.185032D+18
    0.075     0.450   0.646739D+03   0.184281D+18
    0.075     0.487   0.640290D+03   0.183477D+18
    0.075     0.525   0.633428D+03   0.182619D+18
    0.075     0.562   0.626180D+03   0.181705D+18
    0.075     0.600   0.618430D+03   0.180702D+18
    0.075     0.637   0.610408D+03   0.179669D+18
    0.075     0.675   0.602044D+03   0.178581D+18
    0.075     0.713   0.593253D+03   0.177408D+18
    0.075     0.750   0.584252D+03   0.176209D+18
    0.075     0.787   0.574974D+03   0.174959D+18
    0.075     0.825   0.565341D+03   0.173627D+18
    0.075     0.862   0.555608D+03   0.172286D+18
    0.075     0.900   0.545589D+03   0.170877D+18
    0.075     0.938   0.535341D+03   0.169403D+18
    0.075     0.975   0.525039D+03   0.167923D+18
    0.075     1.012   0.514506D+03   0.166370D+18
    0.075     1.050   0.503865D+03   0.164778D+18
    0.075     1.087   0.493211D+03   0.163175D+18
    0.075     1.125   0.482395D+03   0.161506D+18
    0.075     1.162   0.471548D+03   0.159807D+18
    0.075     1.200   0.460729D+03   0.158096D+18
    0.075     1.238   0.449850D+03   0.156337D+18
    0.075     1.275   0.438945D+03   0.154538D+18
    0.075     1.312   0.428130D+03   0.152734D+18
    0.075     1.350   0.417333D+03   0.150897D+18
    0.075     1.387   0.406606D+03   0.149041D+18
    0.075     1.425   0.395928D+03   0.147155D+18
    0.075     1.462   0.385397D+03   0.145272D+18
    0.075     1.500   0.374942D+03   0.143362D+18
    0.112     0.000   0.685300D+03   0.188894D+18
    0.112     0.037   0.685129D+03   0.188892D+18
    0.112     0.075   0.684261D+03   0.188784D+18
    0.112     0.112   0.682837D+03   0.188608D+18
    0.112     0.150   0.681004D+03   0.188407D+18
    0.112     0.188   0.678422D+03   0.188085D+18
    0.112     0.225   0.675433D+03   0.187731D+18
    0.112     0.263   0.671956D+03   0.187324D+18
    0.112     0.300   0.667830D+03   0.186818D+18
    0.112     0.337   0.663285D+03   0.186270D+18
    0.112     0.375   0.658251D+03   0.185661D+18
    0.112     0.412   0.652653D+03   0.184966D+18
    0.112     0.450   0.646670D+03   0.184228D+18
    0.112     0.487   0.640216D+03   0.183424D+18
    0.112     0.525   0.633309D+03   0.182553D+18
    0.112     0.562   0.626077D+03   0.181644D+18
    0.112     0.600   0.618330D+03   0.180641D+18
    0.112     0.637   0.610280D+03   0.179602D+18
    0.112     0.675   0.601942D+03   0.178520D+18
    0.112     0.713   0.593126D+03   0.177339D+18
    0.112     0.750   0.584100D+03   0.176135D+18
    0.112     0.787   0.574875D+03   0.174899D+18
    0.112     0.825   0.565219D+03   0.173561D+18
    0.112     0.862   0.555454D+03   0.172211D+18
    0.112     0.900   0.545449D+03   0.170803D+18
    0.112     0.938   0.535224D+03   0.169338D+18
    0.112     0.975   0.524949D+03   0.167865D+18
    0.112     1.012   0.514375D+03   0.166300D+18
    0.112     1.050   0.503753D+03   0.164715D+18
    0.112     1.087   0.493127D+03   0.163119D+18
    0.112     1.125   0.482304D+03   0.161448D+18
    0.112     1.162   0.471464D+03   0.159752D+18
    0.112     1.200   0.460650D+03   0.158042D+18
    0.112     1.238   0.449741D+03   0.156274D+18
    0.112     1.275   0.438893D+03   0.154494D+18
    0.112     1.312   0.428057D+03   0.152683D+18
    0.112     1.350   0.417249D+03   0.150843D+18
    0.112     1.387   0.406529D+03   0.148989D+18
    0.112     1.425   0.395873D+03   0.147112D+18
    0.112     1.462   0.385294D+03   0.145212D+18
    0.112     1.500   0.374872D+03   0.143313D+18
    0.150     0.000   0.685093D+03   0.188790D+18
    0.150     0.037   0.684901D+03   0.188783D+18
    0.150     0.075   0.684069D+03   0.188684D+18
    0.150     0.112   0.682629D+03   0.188505D+18
    0.150     0.150   0.680736D+03   0.188288D+18
    0.150     0.188   0.678299D+03   0.188004D+18
    0.150     0.225   0.675268D+03   0.187638D+18
    0.150     0.263   0.671758D+03   0.187224D+18
    0.150     0.300   0.667672D+03   0.186728D+18
    0.150     0.337   0.663092D+03   0.186170D+18
    0.150     0.375   0.658029D+03   0.185553D+18
    0.150     0.412   0.652495D+03   0.184876D+18
    0.150     0.450   0.646481D+03   0.184130D+18
    0.150     0.487   0.640028D+03   0.183326D+18
    0.150     0.525   0.633160D+03   0.182465D+18
    0.150     0.562   0.625855D+03   0.181536D+18
    0.150     0.600   0.618172D+03   0.180552D+18
    0.150     0.637   0.610138D+03   0.179516D+18
    0.150     0.675   0.601762D+03   0.178424D+18
    0.150     0.713   0.592993D+03   0.177259D+18
    0.150     0.750   0.583986D+03   0.176058D+18
    0.150     0.787   0.574655D+03   0.174790D+18
    0.150     0.825   0.565042D+03   0.173465D+18
    0.150     0.862   0.555291D+03   0.172120D+18
    0.150     0.900   0.545288D+03   0.170713D+18
    0.150     0.938   0.535054D+03   0.169245D+18
    0.150     0.975   0.524731D+03   0.167759D+18
    0.150     1.012   0.514243D+03   0.166219D+18
    0.150     1.050   0.503622D+03   0.164633D+18
    0.150     1.087   0.492974D+03   0.163032D+18
    0.150     1.125   0.482181D+03   0.161370D+18
    0.150     1.162   0.471346D+03   0.159674D+18
    0.150     1.200   0.460505D+03   0.157957D+18
    0.150     1.238   0.449623D+03   0.156198D+18
    0.150     1.275   0.438757D+03   0.154411D+18
    0.150     1.312   0.427922D+03   0.152601D+18
    0.150     1.350   0.417159D+03   0.150776D+18
    0.150     1.387   0.406402D+03   0.148910D+18
    0.150     1.425   0.395747D+03   0.147033D+18
    0.150     1.462   0.385196D+03   0.145142D+18
    0.150     1.500   0.374751D+03   0.143236D+18
    0.188     0.000   0.684891D+03   0.188675D+18
    0.188     0.037   0.684680D+03   0.188662D+18
    0.188     0.075   0.683885D+03   0.188574D+18
    0.188     0.112   0.682398D+03   0.188381D+18
    0.188     0.150   0.680486D+03   0.188159D+18
    0.188     0.188   0.678086D+03   0.187885D+18
    0.188     0.225   0.675008D+03   0.187508D+18
    0.188     0.263   0.671404D+03   0.187067D+18
    0.188     0.300   0.667465D+03   0.186611D+18
    0.188     0.337   0.662837D+03   0.186040D+18
    0.188     0.375   0.657745D+03   0.185416D+18
    0.188     0.412   0.652293D+03   0.184760D+18
    0.188     0.450   0.646203D+03   0.183994D+18
    0.188     0.487   0.639780D+03   0.183198D+18
    0.188     0.525   0.632959D+03   0.182350D+18
    0.188     0.562   0.625588D+03   0.181403D+18
    0.188     0.600   0.617930D+03   0.180426D+18
    0.188     0.637   0.609941D+03   0.179402D+18
    0.188     0.675   0.601479D+03   0.178285D+18
    0.188     0.713   0.592759D+03   0.177135D+18
    0.188     0.750   0.583794D+03   0.175946D+18
    0.188     0.787   0.574435D+03   0.174670D+18
    0.188     0.825   0.564837D+03   0.173351D+18
    0.188     0.862   0.555103D+03   0.172009D+18
    0.188     0.900   0.545105D+03   0.170603D+18
    0.188     0.938   0.534832D+03   0.169124D+18
    0.188     0.975   0.524530D+03   0.167644D+18
    0.188     1.012   0.514105D+03   0.166123D+18
    0.188     1.050   0.503452D+03   0.164527D+18
    0.188     1.087   0.492723D+03   0.162903D+18
    0.188     1.125   0.482021D+03   0.161268D+18
    0.188     1.162   0.471154D+03   0.159563D+18
    0.188     1.200   0.460275D+03   0.157833D+18
    0.188     1.238   0.449474D+03   0.156100D+18
    0.188     1.275   0.438577D+03   0.154303D+18
    0.188     1.312   0.427721D+03   0.152487D+18
    0.188     1.350   0.416998D+03   0.150675D+18
    0.188     1.387   0.406218D+03   0.148800D+18
    0.188     1.425   0.395581D+03   0.146930D+18
    0.188     1.462   0.385060D+03   0.145050D+18
    0.188     1.500   0.374540D+03   0.143116D+18
    0.225     0.000   0.684570D+03   0.188514D+18
    0.225     0.037   0.684405D+03   0.188513D+18
    0.225     0.075   0.683580D+03   0.188417D+18
    0.225     0.112   0.682110D+03   0.188230D+18
    0.225     0.150   0.680208D+03   0.188010D+18
    0.225     0.188   0.677783D+03   0.187729D+18
    0.225     0.225   0.674657D+03   0.187339D+18
    0.225     0.263   0.671131D+03   0.186918D+18
    0.225     0.300   0.667164D+03   0.186455D+18
    0.225     0.337   0.662494D+03   0.185874D+18
    0.225     0.375   0.657435D+03   0.185257D+18
    0.225     0.412   0.651999D+03   0.184606D+18
    0.225     0.450   0.645902D+03   0.183837D+18
    0.225     0.487   0.639445D+03   0.183034D+18
    0.225     0.525   0.632671D+03   0.182198D+18
    0.225     0.562   0.625302D+03   0.181250D+18
    0.225     0.600   0.617602D+03   0.180263D+18
    0.225     0.637   0.609662D+03   0.179253D+18
    0.225     0.675   0.601194D+03   0.178134D+18
    0.225     0.713   0.592472D+03   0.176983D+18
    0.225     0.750   0.583526D+03   0.175800D+18
    0.225     0.787   0.574194D+03   0.174531D+18
    0.225     0.825   0.564593D+03   0.173211D+18
    0.225     0.862   0.554868D+03   0.171874D+18
    0.225     0.900   0.544883D+03   0.170470D+18
    0.225     0.938   0.534591D+03   0.168987D+18
    0.225     0.975   0.524303D+03   0.167510D+18
    0.225     1.012   0.513863D+03   0.165985D+18
    0.225     1.050   0.503200D+03   0.164386D+18
    0.225     1.087   0.492488D+03   0.162765D+18
    0.225     1.125   0.481792D+03   0.161133D+18
    0.225     1.162   0.470898D+03   0.159419D+18
    0.225     1.200   0.460042D+03   0.157698D+18
    0.225     1.238   0.449257D+03   0.155969D+18
    0.225     1.275   0.438338D+03   0.154165D+18
    0.225     1.312   0.427497D+03   0.152355D+18
    0.225     1.350   0.416795D+03   0.150549D+18
    0.225     1.387   0.406020D+03   0.148674D+18
    0.225     1.425   0.395356D+03   0.146798D+18
    0.225     1.462   0.384870D+03   0.144930D+18
    0.225     1.500   0.374372D+03   0.143003D+18
    0.263     0.000   0.684130D+03   0.188308D+18
    0.263     0.037   0.684036D+03   0.188326D+18
    0.263     0.075   0.683211D+03   0.188230D+18
    0.263     0.112   0.681736D+03   0.188041D+18
    0.263     0.150   0.679807D+03   0.187813D+18
    0.263     0.188   0.677416D+03   0.187542D+18
    0.263     0.225   0.674317D+03   0.187159D+18
    0.263     0.263   0.670768D+03   0.186733D+18
    0.263     0.300   0.666803D+03   0.186270D+18
    0.263     0.337   0.662161D+03   0.185695D+18
    0.263     0.375   0.657078D+03   0.185074D+18
    0.263     0.412   0.651644D+03   0.184423D+18
    0.263     0.450   0.645551D+03   0.183654D+18
    0.263     0.487   0.639087D+03   0.182849D+18
    0.263     0.525   0.632325D+03   0.182017D+18
    0.263     0.562   0.624959D+03   0.181069D+18
    0.263     0.600   0.617282D+03   0.180089D+18
    0.263     0.637   0.609326D+03   0.179075D+18
    0.263     0.675   0.600862D+03   0.177957D+18
    0.263     0.713   0.592140D+03   0.176806D+18
    0.263     0.750   0.583202D+03   0.175625D+18
    0.263     0.787   0.573872D+03   0.174357D+18
    0.263     0.825   0.564196D+03   0.173013D+18
    0.263     0.862   0.554557D+03   0.171703D+18
    0.263     0.900   0.544576D+03   0.170300D+18
    0.263     0.938   0.534234D+03   0.168802D+18
    0.263     0.975   0.524027D+03   0.167351D+18
    0.263     1.012   0.513571D+03   0.165819D+18
    0.263     1.050   0.502908D+03   0.164221D+18
    0.263     1.087   0.492207D+03   0.162603D+18
    0.263     1.125   0.481515D+03   0.160973D+18
    0.263     1.162   0.470666D+03   0.159273D+18
    0.263     1.200   0.459777D+03   0.157541D+18
    0.263     1.238   0.448997D+03   0.155814D+18
    0.263     1.275   0.438087D+03   0.154011D+18
    0.263     1.312   0.427248D+03   0.152204D+18
    0.263     1.350   0.416550D+03   0.150399D+18
    0.263     1.387   0.405781D+03   0.148527D+18
    0.263     1.425   0.395134D+03   0.146656D+18
    0.263     1.462   0.384642D+03   0.144785D+18
    0.263     1.500   0.374149D+03   0.142861D+18
    0.300     0.000   0.683773D+03   0.188110D+18
    0.300     0.037   0.683570D+03   0.188099D+18
    0.300     0.075   0.682779D+03   0.188012D+18
    0.300     0.112   0.681312D+03   0.187824D+18
    0.300     0.150   0.679411D+03   0.187606D+18
    0.300     0.188   0.676988D+03   0.187326D+18
    0.300     0.225   0.673899D+03   0.186944D+18
    0.300     0.263   0.670310D+03   0.186508D+18
    0.300     0.300   0.666379D+03   0.186055D+18
    0.300     0.337   0.661717D+03   0.185474D+18
    0.300     0.375   0.656665D+03   0.184860D+18
    0.300     0.412   0.651228D+03   0.184210D+18
    0.300     0.450   0.645139D+03   0.183443D+18
    0.300     0.487   0.638691D+03   0.182640D+18
    0.300     0.525   0.631920D+03   0.181806D+18
    0.300     0.562   0.624525D+03   0.180851D+18
    0.300     0.600   0.616868D+03   0.179876D+18
    0.300     0.637   0.608933D+03   0.178868D+18
    0.300     0.675   0.600473D+03   0.177751D+18
    0.300     0.713   0.591761D+03   0.176602D+18
    0.300     0.750   0.582822D+03   0.175422D+18
    0.300     0.787   0.573501D+03   0.174156D+18
    0.300     0.825   0.563912D+03   0.172838D+18
    0.300     0.862   0.554193D+03   0.171504D+18
    0.300     0.900   0.544218D+03   0.170103D+18
    0.300     0.938   0.533940D+03   0.168623D+18
    0.300     0.975   0.523660D+03   0.167150D+18
    0.300     1.012   0.513230D+03   0.165627D+18
    0.300     1.050   0.502581D+03   0.164032D+18
    0.300     1.087   0.491896D+03   0.162422D+18
    0.300     1.125   0.481192D+03   0.160786D+18
    0.300     1.162   0.470312D+03   0.159076D+18
    0.300     1.200   0.459446D+03   0.157352D+18
    0.300     1.238   0.448692D+03   0.155634D+18
    0.300     1.275   0.437787D+03   0.153834D+18
    0.300     1.312   0.426966D+03   0.152030D+18
    0.300     1.350   0.416264D+03   0.150225D+18
    0.300     1.387   0.405496D+03   0.148354D+18
    0.300     1.425   0.394851D+03   0.146482D+18
    0.300     1.462   0.384375D+03   0.144618D+18
    0.300     1.500   0.373868D+03   0.142689D+18
    0.337     0.000   0.683227D+03   0.187848D+18
    0.337     0.037   0.683048D+03   0.187844D+18
    0.337     0.075   0.682217D+03   0.187746D+18
    0.337     0.112   0.680806D+03   0.187573D+18
    0.337     0.150   0.678893D+03   0.187352D+18
    0.337     0.188   0.676462D+03   0.187070D+18
    0.337     0.225   0.673429D+03   0.186703D+18
    0.337     0.263   0.669895D+03   0.186283D+18
    0.337     0.300   0.665894D+03   0.185809D+18
    0.337     0.337   0.661281D+03   0.185242D+18
    0.337     0.375   0.656229D+03   0.184628D+18
    0.337     0.412   0.650752D+03   0.183967D+18
    0.337     0.450   0.644708D+03   0.183212D+18
    0.337     0.487   0.638268D+03   0.182411D+18
    0.337     0.525   0.631455D+03   0.181567D+18
    0.337     0.562   0.624128D+03   0.180631D+18
    0.337     0.600   0.616461D+03   0.179651D+18
    0.337     0.637   0.608482D+03   0.178631D+18
    0.337     0.675   0.600040D+03   0.177519D+18
    0.337     0.713   0.591339D+03   0.176374D+18
    0.337     0.750   0.582361D+03   0.175182D+18
    0.337     0.787   0.573049D+03   0.173920D+18
    0.337     0.825   0.563473D+03   0.172606D+18
    0.337     0.862   0.553731D+03   0.171263D+18
    0.337     0.900   0.543749D+03   0.169862D+18
    0.337     0.938   0.533530D+03   0.168398D+18
    0.337     0.975   0.523243D+03   0.166923D+18
    0.337     1.012   0.512811D+03   0.165401D+18
    0.337     1.050   0.502211D+03   0.163820D+18
    0.337     1.087   0.491502D+03   0.162202D+18
    0.337     1.125   0.480821D+03   0.160574D+18
    0.337     1.162   0.469980D+03   0.158877D+18
    0.337     1.200   0.459123D+03   0.157154D+18
    0.337     1.238   0.448343D+03   0.155428D+18
    0.337     1.275   0.437472D+03   0.153640D+18
    0.337     1.312   0.426664D+03   0.151839D+18
    0.337     1.350   0.415937D+03   0.150027D+18
    0.337     1.387   0.405199D+03   0.148167D+18
    0.337     1.425   0.394570D+03   0.146299D+18
    0.337     1.462   0.384069D+03   0.144427D+18
    0.337     1.500   0.373588D+03   0.142508D+18
    0.375     0.000   0.682696D+03   0.187577D+18
    0.375     0.037   0.682531D+03   0.187576D+18
    0.375     0.075   0.681669D+03   0.187471D+18
    0.375     0.112   0.680239D+03   0.187293D+18
    0.375     0.150   0.678417D+03   0.187095D+18
    0.375     0.188   0.675915D+03   0.186795D+18
    0.375     0.225   0.672860D+03   0.186422D+18
    0.375     0.263   0.669396D+03   0.186020D+18
    0.375     0.300   0.665288D+03   0.185518D+18
    0.375     0.337   0.660754D+03   0.184972D+18
    0.375     0.375   0.655706D+03   0.184359D+18
    0.375     0.412   0.650157D+03   0.183678D+18
    0.375     0.450   0.644191D+03   0.182945D+18
    0.375     0.487   0.637757D+03   0.182146D+18
    0.375     0.525   0.630875D+03   0.181282D+18
    0.375     0.562   0.623661D+03   0.180377D+18
    0.375     0.600   0.615965D+03   0.179390D+18
    0.375     0.637   0.607919D+03   0.178351D+18
    0.375     0.675   0.599603D+03   0.177276D+18
    0.375     0.713   0.590810D+03   0.176101D+18
    0.375     0.750   0.581852D+03   0.174916D+18
    0.375     0.787   0.572623D+03   0.173679D+18
    0.375     0.825   0.562994D+03   0.172348D+18
    0.375     0.862   0.553267D+03   0.171011D+18
    0.375     0.900   0.543295D+03   0.169612D+18
    0.375     0.938   0.533096D+03   0.168155D+18
    0.375     0.975   0.522829D+03   0.166685D+18
    0.375     1.012   0.512346D+03   0.165148D+18
    0.375     1.050   0.501731D+03   0.163563D+18
    0.375     1.087   0.491144D+03   0.161981D+18
    0.375     1.125   0.480361D+03   0.160322D+18
    0.375     1.162   0.469583D+03   0.158645D+18
    0.375     1.200   0.458777D+03   0.156939D+18
    0.375     1.238   0.447909D+03   0.155185D+18
    0.375     1.275   0.437098D+03   0.153416D+18
    0.375     1.312   0.426298D+03   0.151618D+18
    0.375     1.350   0.415531D+03   0.149792D+18
    0.375     1.387   0.404848D+03   0.147951D+18
    0.375     1.425   0.394229D+03   0.146086D+18
    0.375     1.462   0.383690D+03   0.144201D+18
    0.375     1.500   0.373303D+03   0.142315D+18
    0.412     0.000   0.682099D+03   0.187275D+18
    0.412     0.037   0.681930D+03   0.187274D+18
    0.412     0.075   0.681063D+03   0.187166D+18
    0.412     0.112   0.679645D+03   0.186992D+18
    0.412     0.150   0.677786D+03   0.186784D+18
    0.412     0.188   0.675276D+03   0.186481D+18
    0.412     0.225   0.672233D+03   0.186112D+18
    0.412     0.263   0.668770D+03   0.185710D+18
    0.412     0.300   0.664691D+03   0.185216D+18
    0.412     0.337   0.660132D+03   0.184664D+18
    0.412     0.375   0.655151D+03   0.184069D+18
    0.412     0.412   0.649572D+03   0.183380D+18
    0.412     0.450   0.643613D+03   0.182648D+18
    0.412     0.487   0.637156D+03   0.181842D+18
    0.412     0.525   0.630303D+03   0.180987D+18
    0.412     0.562   0.623072D+03   0.180077D+18
    0.412     0.600   0.615385D+03   0.179091D+18
    0.412     0.637   0.607338D+03   0.178052D+18
    0.412     0.675   0.599034D+03   0.176981D+18
    0.412     0.713   0.590281D+03   0.175818D+18
    0.412     0.750   0.581320D+03   0.174631D+18
    0.412     0.787   0.572077D+03   0.173391D+18
    0.412     0.825   0.562485D+03   0.172071D+18
    0.412     0.862   0.552790D+03   0.170742D+18
    0.412     0.900   0.542815D+03   0.169344D+18
    0.412     0.938   0.532610D+03   0.167884D+18
    0.412     0.975   0.522350D+03   0.166416D+18
    0.412     1.012   0.511866D+03   0.164879D+18
    0.412     1.050   0.501268D+03   0.163300D+18
    0.412     1.087   0.490660D+03   0.161711D+18
    0.412     1.125   0.479894D+03   0.160058D+18
    0.412     1.162   0.469114D+03   0.158380D+18
    0.412     1.200   0.458319D+03   0.156678D+18
    0.412     1.238   0.447480D+03   0.154932D+18
    0.412     1.275   0.436653D+03   0.153159D+18
    0.412     1.312   0.425890D+03   0.151372D+18
    0.412     1.350   0.415128D+03   0.149548D+18
    0.412     1.387   0.404484D+03   0.147720D+18
    0.412     1.425   0.393832D+03   0.145844D+18
    0.412     1.462   0.383313D+03   0.143966D+18
    0.412     1.500   0.372923D+03   0.142079D+18
    0.450     0.000   0.681373D+03   0.186926D+18
    0.450     0.037   0.681269D+03   0.186941D+18
    0.450     0.075   0.680434D+03   0.186843D+18
    0.450     0.112   0.678922D+03   0.186643D+18
    0.450     0.150   0.677129D+03   0.186453D+18
    0.450     0.188   0.674615D+03   0.186149D+18
    0.450     0.225   0.671551D+03   0.185774D+18
    0.450     0.263   0.668122D+03   0.185381D+18
    0.450     0.300   0.664028D+03   0.184883D+18
    0.450     0.337   0.659460D+03   0.184328D+18
    0.450     0.375   0.654452D+03   0.183726D+18
    0.450     0.412   0.648982D+03   0.183066D+18
    0.450     0.450   0.642957D+03   0.182317D+18
    0.450     0.487   0.636502D+03   0.181511D+18
    0.450     0.525   0.629674D+03   0.180661D+18
    0.450     0.562   0.622426D+03   0.179749D+18
    0.450     0.600   0.614748D+03   0.178766D+18
    0.450     0.637   0.606762D+03   0.177742D+18
    0.450     0.675   0.598440D+03   0.176667D+18
    0.450     0.713   0.589637D+03   0.175490D+18
    0.450     0.750   0.580769D+03   0.174329D+18
    0.450     0.787   0.571504D+03   0.173083D+18
    0.450     0.825   0.561867D+03   0.171750D+18
    0.450     0.862   0.552234D+03   0.170438D+18
    0.450     0.900   0.542266D+03   0.169043D+18
    0.450     0.938   0.532020D+03   0.167571D+18
    0.450     0.975   0.521820D+03   0.166121D+18
    0.450     1.012   0.511361D+03   0.164592D+18
    0.450     1.050   0.500708D+03   0.162995D+18
    0.450     1.087   0.490157D+03   0.161424D+18
    0.450     1.125   0.479396D+03   0.159773D+18
    0.450     1.162   0.468577D+03   0.158082D+18
    0.450     1.200   0.457827D+03   0.156393D+18
    0.450     1.238   0.446993D+03   0.154651D+18
    0.450     1.275   0.436179D+03   0.152881D+18
    0.450     1.312   0.425422D+03   0.151097D+18
    0.450     1.350   0.414720D+03   0.149292D+18
    0.450     1.387   0.404016D+03   0.147444D+18
    0.450     1.425   0.393396D+03   0.145578D+18
    0.450     1.462   0.382906D+03   0.143709D+18
    0.450     1.500   0.372501D+03   0.141819D+18
    0.487     0.000   0.680661D+03   0.186567D+18
    0.487     0.037   0.680510D+03   0.186570D+18
    0.487     0.075   0.679674D+03   0.186471D+18
    0.487     0.112   0.678212D+03   0.186285D+18
    0.487     0.150   0.676345D+03   0.186074D+18
    0.487     0.188   0.673921D+03   0.185794D+18
    0.487     0.225   0.670813D+03   0.185408D+18
    0.487     0.263   0.667352D+03   0.185006D+18
    0.487     0.300   0.663312D+03   0.184522D+18
    0.487     0.337   0.658729D+03   0.183964D+18
    0.487     0.375   0.653728D+03   0.183364D+18
    0.487     0.412   0.648215D+03   0.182690D+18
    0.487     0.450   0.642243D+03   0.181957D+18
    0.487     0.487   0.635823D+03   0.181162D+18
    0.487     0.525   0.628986D+03   0.180308D+18
    0.487     0.562   0.621729D+03   0.179394D+18
    0.487     0.600   0.614035D+03   0.178404D+18
    0.487     0.637   0.606127D+03   0.177404D+18
    0.487     0.675   0.597729D+03   0.176308D+18
    0.487     0.713   0.589005D+03   0.175152D+18
    0.487     0.750   0.580103D+03   0.173981D+18
    0.487     0.787   0.570814D+03   0.172729D+18
    0.487     0.825   0.561258D+03   0.171419D+18
    0.487     0.862   0.551597D+03   0.170099D+18
    0.487     0.900   0.541635D+03   0.168707D+18
    0.487     0.938   0.531439D+03   0.167248D+18
    0.487     0.975   0.521192D+03   0.165783D+18
    0.487     1.012   0.510759D+03   0.164264D+18
    0.487     1.050   0.500156D+03   0.162682D+18
    0.487     1.087   0.489565D+03   0.161097D+18
    0.487     1.125   0.478870D+03   0.159468D+18
    0.487     1.162   0.468029D+03   0.157771D+18
    0.487     1.200   0.457290D+03   0.156084D+18
    0.487     1.238   0.446481D+03   0.154349D+18
    0.487     1.275   0.435690D+03   0.152588D+18
    0.487     1.312   0.424919D+03   0.150799D+18
    0.487     1.350   0.414194D+03   0.148986D+18
    0.487     1.387   0.403532D+03   0.147153D+18
    0.487     1.425   0.392925D+03   0.145291D+18
    0.487     1.462   0.382451D+03   0.143429D+18
    0.487     1.500   0.372049D+03   0.141540D+18
    0.525     0.000   0.679883D+03   0.186176D+18
    0.525     0.037   0.679729D+03   0.186178D+18
    0.525     0.075   0.678894D+03   0.186079D+18
    0.525     0.112   0.677437D+03   0.185894D+18
    0.525     0.150   0.675571D+03   0.185684D+18
    0.525     0.188   0.673150D+03   0.185405D+18
    0.525     0.225   0.670044D+03   0.185019D+18
    0.525     0.263   0.666586D+03   0.184618D+18
    0.525     0.300   0.662577D+03   0.184141D+18
    0.525     0.337   0.657970D+03   0.183578D+18
    0.525     0.375   0.652975D+03   0.182979D+18
    0.525     0.412   0.647463D+03   0.182306D+18
    0.525     0.450   0.641500D+03   0.181576D+18
    0.525     0.487   0.635087D+03   0.180782D+18
    0.525     0.525   0.628281D+03   0.179936D+18
    0.525     0.562   0.621007D+03   0.179018D+18
    0.525     0.600   0.613319D+03   0.178030D+18
    0.525     0.637   0.605419D+03   0.177032D+18
    0.525     0.675   0.597029D+03   0.175938D+18
    0.525     0.713   0.588313D+03   0.174785D+18
    0.525     0.750   0.579417D+03   0.173615D+18
    0.525     0.787   0.570140D+03   0.172367D+18
    0.525     0.825   0.560593D+03   0.171060D+18
    0.525     0.862   0.550939D+03   0.169741D+18
    0.525     0.900   0.540987D+03   0.168351D+18
    0.525     0.938   0.530803D+03   0.166898D+18
    0.525     0.975   0.520567D+03   0.165435D+18
    0.525     1.012   0.510142D+03   0.163918D+18
    0.525     1.050   0.499552D+03   0.162341D+18
    0.525     1.087   0.488972D+03   0.160759D+18
    0.525     1.125   0.478288D+03   0.159134D+18
    0.525     1.162   0.467457D+03   0.157440D+18
    0.525     1.200   0.456730D+03   0.155757D+18
    0.525     1.238   0.445951D+03   0.154031D+18
    0.525     1.275   0.435153D+03   0.152268D+18
    0.525     1.312   0.424393D+03   0.150483D+18
    0.525     1.350   0.413676D+03   0.148673D+18
    0.525     1.387   0.403028D+03   0.146845D+18
    0.525     1.425   0.392432D+03   0.144987D+18
    0.525     1.462   0.381984D+03   0.143133D+18
    0.525     1.500   0.371580D+03   0.141244D+18
    0.562     0.000   0.679048D+03   0.185757D+18
    0.562     0.037   0.678936D+03   0.185769D+18
    0.562     0.075   0.678103D+03   0.185671D+18
    0.562     0.112   0.676603D+03   0.185476D+18
    0.562     0.150   0.674808D+03   0.185284D+18
    0.562     0.188   0.672297D+03   0.184980D+18
    0.562     0.225   0.669248D+03   0.184610D+18
    0.562     0.263   0.665825D+03   0.184218D+18
    0.562     0.300   0.661740D+03   0.183722D+18
    0.562     0.337   0.657189D+03   0.183173D+18
    0.562     0.375   0.652197D+03   0.182575D+18
    0.562     0.412   0.646702D+03   0.181907D+18
    0.562     0.450   0.640734D+03   0.181175D+18
    0.562     0.487   0.634296D+03   0.180374D+18
    0.562     0.525   0.627482D+03   0.179526D+18
    0.562     0.562   0.620261D+03   0.178623D+18
    0.562     0.600   0.612604D+03   0.177645D+18
    0.562     0.637   0.604636D+03   0.176626D+18
    0.562     0.675   0.596340D+03   0.175558D+18
    0.562     0.713   0.587594D+03   0.174398D+18
    0.562     0.750   0.578720D+03   0.173234D+18
    0.562     0.787   0.569481D+03   0.171996D+18
    0.562     0.825   0.559879D+03   0.170675D+18
    0.562     0.862   0.550268D+03   0.169368D+18
    0.562     0.900   0.540329D+03   0.167982D+18
    0.562     0.938   0.530120D+03   0.166522D+18
    0.562     0.975   0.519945D+03   0.165078D+18
    0.562     1.012   0.509516D+03   0.163559D+18
    0.562     1.050   0.498925D+03   0.161982D+18
    0.562     1.087   0.488378D+03   0.160411D+18
    0.562     1.125   0.477646D+03   0.158769D+18
    0.562     1.162   0.466865D+03   0.157092D+18
    0.562     1.200   0.456149D+03   0.155413D+18
    0.562     1.238   0.445344D+03   0.153680D+18
    0.562     1.275   0.434567D+03   0.151923D+18
    0.562     1.312   0.423846D+03   0.150151D+18
    0.562     1.350   0.413174D+03   0.148356D+18
    0.562     1.387   0.402507D+03   0.146521D+18
    0.562     1.425   0.391921D+03   0.144668D+18
    0.562     1.462   0.381462D+03   0.142809D+18
    0.562     1.500   0.371094D+03   0.140933D+18
    0.600     0.000   0.678214D+03   0.185323D+18
    0.600     0.037   0.678047D+03   0.185323D+18
    0.600     0.075   0.677182D+03   0.185215D+18
    0.600     0.112   0.675772D+03   0.185043D+18
    0.600     0.150   0.673922D+03   0.184838D+18
    0.600     0.188   0.671421D+03   0.184537D+18
    0.600     0.225   0.668429D+03   0.184182D+18
    0.600     0.263   0.664949D+03   0.183776D+18
    0.600     0.300   0.660880D+03   0.183283D+18
    0.600     0.337   0.656348D+03   0.182739D+18
    0.600     0.375   0.651388D+03   0.182150D+18
    0.600     0.412   0.645832D+03   0.181465D+18
    0.600     0.450   0.639903D+03   0.180743D+18
    0.600     0.487   0.633479D+03   0.179946D+18
    0.600     0.525   0.626653D+03   0.179097D+18
    0.600     0.562   0.619488D+03   0.178207D+18
    0.600     0.600   0.611811D+03   0.177224D+18
    0.600     0.637   0.603798D+03   0.176194D+18
    0.600     0.675   0.595540D+03   0.175136D+18
    0.600     0.713   0.586827D+03   0.173984D+18
    0.600     0.750   0.577908D+03   0.172810D+18
    0.600     0.787   0.568711D+03   0.171583D+18
    0.600     0.825   0.559164D+03   0.170276D+18
    0.600     0.862   0.549519D+03   0.168961D+18
    0.600     0.900   0.539592D+03   0.167578D+18
    0.600     0.938   0.529436D+03   0.166133D+18
    0.600     0.975   0.519229D+03   0.164681D+18
    0.600     1.012   0.508795D+03   0.163159D+18
    0.600     1.050   0.498252D+03   0.161597D+18
    0.600     1.087   0.487698D+03   0.160026D+18
    0.600     1.125   0.476964D+03   0.158381D+18
    0.600     1.162   0.466260D+03   0.156729D+18
    0.600     1.200   0.455523D+03   0.155045D+18
    0.600     1.238   0.444734D+03   0.153315D+18
    0.600     1.275   0.433967D+03   0.151563D+18
    0.600     1.312   0.423259D+03   0.149794D+18
    0.600     1.350   0.412552D+03   0.147988D+18
    0.600     1.387   0.401967D+03   0.146181D+18
    0.600     1.425   0.391374D+03   0.144326D+18
    0.600     1.462   0.380908D+03   0.142467D+18
    0.600     1.500   0.370578D+03   0.140602D+18
    0.637     0.000   0.677259D+03   0.184846D+18
    0.637     0.037   0.677055D+03   0.184834D+18
    0.637     0.075   0.676231D+03   0.184738D+18
    0.637     0.112   0.674818D+03   0.184567D+18
    0.637     0.150   0.673004D+03   0.184370D+18
    0.637     0.188   0.670513D+03   0.184071D+18
    0.637     0.225   0.667486D+03   0.183708D+18
    0.637     0.263   0.664042D+03   0.183310D+18
    0.637     0.300   0.659959D+03   0.182815D+18
    0.637     0.337   0.655455D+03   0.182278D+18
    0.637     0.375   0.650439D+03   0.181673D+18
    0.637     0.412   0.644927D+03   0.181002D+18
    0.637     0.450   0.638999D+03   0.180279D+18
    0.637     0.487   0.632608D+03   0.179492D+18
    0.637     0.525   0.625771D+03   0.178640D+18
    0.637     0.562   0.618606D+03   0.177749D+18
    0.637     0.600   0.610960D+03   0.176776D+18
    0.637     0.637   0.602967D+03   0.175752D+18
    0.637     0.675   0.594708D+03   0.174692D+18
    0.637     0.713   0.585976D+03   0.173536D+18
    0.637     0.750   0.577071D+03   0.172364D+18
    0.637     0.787   0.567908D+03   0.171148D+18
    0.637     0.825   0.558347D+03   0.169838D+18
    0.637     0.862   0.548680D+03   0.168516D+18
    0.637     0.900   0.538777D+03   0.167138D+18
    0.637     0.938   0.528655D+03   0.165705D+18
    0.637     0.975   0.518454D+03   0.164255D+18
    0.637     1.012   0.508044D+03   0.162739D+18
    0.637     1.050   0.497508D+03   0.161181D+18
    0.637     1.087   0.486994D+03   0.159621D+18
    0.637     1.125   0.476306D+03   0.157991D+18
    0.637     1.162   0.465586D+03   0.156333D+18
    0.637     1.200   0.454859D+03   0.154653D+18
    0.637     1.238   0.444070D+03   0.152924D+18
    0.637     1.275   0.433337D+03   0.151182D+18
    0.637     1.312   0.422617D+03   0.149411D+18
    0.637     1.350   0.411929D+03   0.147611D+18
    0.637     1.387   0.401325D+03   0.145798D+18
    0.637     1.425   0.390786D+03   0.143962D+18
    0.637     1.462   0.380326D+03   0.142104D+18
    0.637     1.500   0.370019D+03   0.140248D+18
    0.675     0.000   0.676236D+03   0.184338D+18
    0.675     0.037   0.676052D+03   0.184331D+18
    0.675     0.075   0.675227D+03   0.184235D+18
    0.675     0.112   0.673832D+03   0.184068D+18
    0.675     0.150   0.671930D+03   0.183848D+18
    0.675     0.188   0.669548D+03   0.183578D+18
    0.675     0.225   0.666515D+03   0.183213D+18
    0.675     0.263   0.663008D+03   0.182799D+18
    0.675     0.300   0.659034D+03   0.182332D+18
    0.675     0.337   0.654467D+03   0.181779D+18
    0.675     0.375   0.649458D+03   0.181176D+18
    0.675     0.412   0.644019D+03   0.180523D+18
    0.675     0.450   0.638033D+03   0.179786D+18
    0.675     0.487   0.631648D+03   0.179001D+18
    0.675     0.525   0.624884D+03   0.178168D+18
    0.675     0.562   0.617598D+03   0.177244D+18
    0.675     0.600   0.610026D+03   0.176292D+18
    0.675     0.637   0.602107D+03   0.175287D+18
    0.675     0.675   0.593742D+03   0.174197D+18
    0.675     0.713   0.585120D+03   0.173076D+18
    0.675     0.750   0.576214D+03   0.171903D+18
    0.675     0.787   0.566984D+03   0.170665D+18
    0.675     0.825   0.557496D+03   0.169378D+18
    0.675     0.862   0.547835D+03   0.168057D+18
    0.675     0.900   0.537942D+03   0.166683D+18
    0.675     0.938   0.527819D+03   0.165250D+18
    0.675     0.975   0.517617D+03   0.163799D+18
    0.675     1.012   0.507280D+03   0.162305D+18
    0.675     1.050   0.496778D+03   0.160756D+18
    0.675     1.087   0.486163D+03   0.159167D+18
    0.675     1.125   0.475577D+03   0.157568D+18
    0.675     1.162   0.464842D+03   0.155906D+18
    0.675     1.200   0.454083D+03   0.154215D+18
    0.675     1.238   0.443400D+03   0.152520D+18
    0.675     1.275   0.432637D+03   0.150769D+18
    0.675     1.312   0.421931D+03   0.149003D+18
    0.675     1.350   0.411300D+03   0.147222D+18
    0.675     1.387   0.400670D+03   0.145401D+18
    0.675     1.425   0.390144D+03   0.143569D+18
    0.675     1.462   0.379739D+03   0.141730D+18
    0.675     1.500   0.369364D+03   0.139850D+18
    0.713     0.000   0.675219D+03   0.183818D+18
    0.713     0.037   0.675013D+03   0.183805D+18
    0.713     0.075   0.674228D+03   0.183720D+18
    0.713     0.112   0.672783D+03   0.183540D+18
    0.713     0.150   0.670895D+03   0.183323D+18
    0.713     0.188   0.668495D+03   0.183049D+18
    0.713     0.225   0.665447D+03   0.182680D+18
    0.713     0.263   0.661916D+03   0.182258D+18
    0.713     0.300   0.657994D+03   0.181806D+18
    0.713     0.337   0.653385D+03   0.181242D+18
    0.713     0.375   0.648347D+03   0.180632D+18
    0.713     0.412   0.642998D+03   0.180003D+18
    0.713     0.450   0.636976D+03   0.179256D+18
    0.713     0.487   0.630594D+03   0.178472D+18
    0.713     0.525   0.623888D+03   0.177654D+18
    0.713     0.562   0.616574D+03   0.176722D+18
    0.713     0.600   0.608998D+03   0.175770D+18
    0.713     0.637   0.601141D+03   0.174782D+18
    0.713     0.675   0.592769D+03   0.173690D+18
    0.713     0.713   0.584157D+03   0.172572D+18
    0.713     0.750   0.575304D+03   0.171414D+18
    0.713     0.787   0.566083D+03   0.170178D+18
    0.713     0.825   0.556601D+03   0.168893D+18
    0.713     0.862   0.546980D+03   0.167586D+18
    0.713     0.900   0.537113D+03   0.166217D+18
    0.713     0.938   0.526952D+03   0.164774D+18
    0.713     0.975   0.516779D+03   0.163332D+18
    0.713     1.012   0.506463D+03   0.161843D+18
    0.713     1.050   0.495939D+03   0.160289D+18
    0.713     1.087   0.485367D+03   0.158713D+18
    0.713     1.125   0.474782D+03   0.157114D+18
    0.713     1.162   0.464029D+03   0.155446D+18
    0.713     1.200   0.453284D+03   0.153760D+18
    0.713     1.238   0.442650D+03   0.152081D+18
    0.713     1.275   0.431874D+03   0.150325D+18
    0.713     1.312   0.421178D+03   0.148564D+18
    0.713     1.350   0.410597D+03   0.146799D+18
    0.713     1.387   0.399958D+03   0.144974D+18
    0.713     1.425   0.389438D+03   0.143146D+18
    0.713     1.462   0.379083D+03   0.141324D+18
    0.713     1.500   0.368703D+03   0.139441D+18
    0.750     0.000   0.674011D+03   0.183235D+18
    0.750     0.037   0.673916D+03   0.183252D+18
    0.750     0.075   0.673101D+03   0.183158D+18
    0.750     0.112   0.671649D+03   0.182976D+18
    0.750     0.150   0.669738D+03   0.182752D+18
    0.750     0.188   0.667376D+03   0.182489D+18
    0.750     0.225   0.664317D+03   0.182118D+18
    0.750     0.263   0.660807D+03   0.181701D+18
    0.750     0.300   0.656889D+03   0.181251D+18
    0.750     0.337   0.652305D+03   0.180692D+18
    0.750     0.375   0.647282D+03   0.180086D+18
    0.750     0.412   0.641913D+03   0.179453D+18
    0.750     0.450   0.635894D+03   0.178704D+18
    0.750     0.487   0.629509D+03   0.177921D+18
    0.750     0.525   0.622830D+03   0.177111D+18
    0.750     0.562   0.615554D+03   0.176189D+18
    0.750     0.600   0.608006D+03   0.175244D+18
    0.750     0.637   0.600114D+03   0.174248D+18
    0.750     0.675   0.591755D+03   0.173159D+18
    0.750     0.713   0.583144D+03   0.172041D+18
    0.750     0.750   0.574314D+03   0.170890D+18
    0.750     0.787   0.565102D+03   0.169657D+18
    0.750     0.825   0.555547D+03   0.168348D+18
    0.750     0.862   0.546030D+03   0.167074D+18
    0.750     0.900   0.536176D+03   0.165709D+18
    0.750     0.938   0.525967D+03   0.164251D+18
    0.750     0.975   0.515891D+03   0.162839D+18
    0.750     1.012   0.505571D+03   0.161349D+18
    0.750     1.050   0.495051D+03   0.159796D+18
    0.750     1.087   0.484487D+03   0.158221D+18
    0.750     1.125   0.473937D+03   0.156635D+18
    0.750     1.162   0.463232D+03   0.154982D+18
    0.750     1.200   0.452489D+03   0.153297D+18
    0.750     1.238   0.441853D+03   0.151618D+18
    0.750     1.275   0.431092D+03   0.149864D+18
    0.750     1.312   0.420400D+03   0.148107D+18
    0.750     1.350   0.409850D+03   0.146352D+18
    0.750     1.387   0.399229D+03   0.144531D+18
    0.750     1.425   0.388705D+03   0.142705D+18
    0.750     1.462   0.378385D+03   0.140894D+18
    0.750     1.500   0.368040D+03   0.139024D+18
    0.787     0.000   0.672879D+03   0.182657D+18
    0.787     0.037   0.672722D+03   0.182660D+18
    0.787     0.075   0.671908D+03   0.182566D+18
    0.787     0.112   0.670456D+03   0.182384D+18
    0.787     0.150   0.668582D+03   0.182171D+18
    0.787     0.188   0.666191D+03   0.181900D+18
    0.787     0.225   0.663103D+03   0.181518D+18
    0.787     0.263   0.659631D+03   0.181114D+18
    0.787     0.300   0.655719D+03   0.180665D+18
    0.787     0.337   0.651109D+03   0.180098D+18
    0.787     0.375   0.646125D+03   0.179504D+18
    0.787     0.412   0.640764D+03   0.178873D+18
    0.787     0.450   0.634746D+03   0.178125D+18
    0.787     0.487   0.628383D+03   0.177346D+18
    0.787     0.525   0.621709D+03   0.176539D+18
    0.787     0.562   0.614444D+03   0.175620D+18
    0.787     0.600   0.606848D+03   0.174661D+18
    0.787     0.637   0.599026D+03   0.173685D+18
    0.787     0.675   0.590680D+03   0.172600D+18
    0.787     0.713   0.582080D+03   0.171484D+18
    0.787     0.750   0.573265D+03   0.170338D+18
    0.787     0.787   0.564066D+03   0.169108D+18
    0.787     0.825   0.554600D+03   0.167826D+18
    0.787     0.862   0.545024D+03   0.166534D+18
    0.787     0.900   0.535185D+03   0.165174D+18
    0.787     0.938   0.525040D+03   0.163734D+18
    0.787     0.975   0.514910D+03   0.162306D+18
    0.787     1.012   0.504627D+03   0.160829D+18
    0.787     1.050   0.494122D+03   0.159279D+18
    0.787     1.087   0.483576D+03   0.157711D+18
    0.787     1.125   0.473042D+03   0.156130D+18
    0.787     1.162   0.462312D+03   0.154468D+18
    0.787     1.200   0.451629D+03   0.152803D+18
    0.787     1.238   0.441010D+03   0.151129D+18
    0.787     1.275   0.430259D+03   0.149380D+18
    0.787     1.312   0.419592D+03   0.147630D+18
    0.787     1.350   0.409059D+03   0.145881D+18
    0.787     1.387   0.398456D+03   0.144067D+18
    0.787     1.425   0.387960D+03   0.142248D+18
    0.787     1.462   0.377647D+03   0.140442D+18
    0.787     1.500   0.367320D+03   0.138578D+18
    0.825     0.000   0.671633D+03   0.182039D+18
    0.825     0.037   0.671395D+03   0.182019D+18
    0.825     0.075   0.670649D+03   0.181944D+18
    0.825     0.112   0.669175D+03   0.181754D+18
    0.825     0.150   0.667298D+03   0.181542D+18
    0.825     0.188   0.664939D+03   0.181280D+18
    0.825     0.225   0.661901D+03   0.180911D+18
    0.825     0.263   0.658360D+03   0.180489D+18
    0.825     0.300   0.654483D+03   0.180049D+18
    0.825     0.337   0.649921D+03   0.179495D+18
    0.825     0.375   0.644913D+03   0.178894D+18
    0.825     0.412   0.639552D+03   0.178263D+18
    0.825     0.450   0.633555D+03   0.177522D+18
    0.825     0.487   0.627230D+03   0.176752D+18
    0.825     0.525   0.620526D+03   0.175937D+18
    0.825     0.562   0.613269D+03   0.175021D+18
    0.825     0.600   0.605731D+03   0.174077D+18
    0.825     0.637   0.597878D+03   0.173093D+18
    0.825     0.675   0.589550D+03   0.172013D+18
    0.825     0.713   0.580967D+03   0.170901D+18
    0.825     0.750   0.572157D+03   0.169758D+18
    0.825     0.787   0.562946D+03   0.168525D+18
    0.825     0.825   0.553502D+03   0.167249D+18
    0.825     0.862   0.543937D+03   0.165959D+18
    0.825     0.900   0.534105D+03   0.164602D+18
    0.825     0.938   0.523999D+03   0.163172D+18
    0.825     0.975   0.513875D+03   0.161747D+18
    0.825     1.012   0.503630D+03   0.160282D+18
    0.825     1.050   0.493152D+03   0.158739D+18
    0.825     1.087   0.482613D+03   0.157174D+18
    0.825     1.125   0.472098D+03   0.155599D+18
    0.825     1.162   0.461414D+03   0.153952D+18
    0.825     1.200   0.450729D+03   0.152285D+18
    0.825     1.238   0.440121D+03   0.150616D+18
    0.825     1.275   0.429411D+03   0.148881D+18
    0.825     1.312   0.418752D+03   0.147132D+18
    0.825     1.350   0.408224D+03   0.145387D+18
    0.825     1.387   0.397637D+03   0.143578D+18
    0.825     1.425   0.387190D+03   0.141775D+18
    0.825     1.462   0.376868D+03   0.139967D+18
    0.825     1.500   0.366540D+03   0.138102D+18
    0.862     0.000   0.670259D+03   0.181373D+18
    0.862     0.037   0.670078D+03   0.181369D+18
    0.862     0.075   0.669259D+03   0.181274D+18
    0.862     0.112   0.667837D+03   0.181098D+18
    0.862     0.150   0.666017D+03   0.180902D+18
    0.862     0.188   0.663590D+03   0.180621D+18
    0.862     0.225   0.660606D+03   0.180267D+18
    0.862     0.263   0.657158D+03   0.179868D+18
    0.862     0.300   0.653149D+03   0.179395D+18
    0.862     0.337   0.648645D+03   0.178856D+18
    0.862     0.375   0.643671D+03   0.178263D+18
    0.862     0.412   0.638240D+03   0.177615D+18
    0.862     0.450   0.632328D+03   0.176896D+18
    0.862     0.487   0.625990D+03   0.176123D+18
    0.862     0.525   0.619249D+03   0.175298D+18
    0.862     0.562   0.612072D+03   0.174404D+18
    0.862     0.600   0.604526D+03   0.173458D+18
    0.862     0.637   0.596642D+03   0.172465D+18
    0.862     0.675   0.588413D+03   0.171413D+18
    0.862     0.713   0.579803D+03   0.170294D+18
    0.862     0.750   0.570966D+03   0.169143D+18
    0.862     0.787   0.561805D+03   0.167924D+18
    0.862     0.825   0.552362D+03   0.166648D+18
    0.862     0.862   0.542799D+03   0.165359D+18
    0.862     0.900   0.532982D+03   0.164007D+18
    0.862     0.938   0.522934D+03   0.162594D+18
    0.862     0.975   0.512814D+03   0.161170D+18
    0.862     1.012   0.502523D+03   0.159691D+18
    0.862     1.050   0.492102D+03   0.158166D+18
    0.862     1.087   0.481659D+03   0.156629D+18
    0.862     1.125   0.471079D+03   0.155035D+18
    0.862     1.162   0.460451D+03   0.153406D+18
    0.862     1.200   0.449822D+03   0.151757D+18
    0.862     1.238   0.439159D+03   0.150070D+18
    0.862     1.275   0.428505D+03   0.148354D+18
    0.862     1.312   0.417886D+03   0.146617D+18
    0.862     1.350   0.407327D+03   0.144861D+18
    0.862     1.387   0.396801D+03   0.143075D+18
    0.862     1.425   0.386362D+03   0.141274D+18
    0.862     1.462   0.376031D+03   0.139462D+18
    0.862     1.500   0.365798D+03   0.137632D+18
    0.900     0.000   0.668889D+03   0.180696D+18
    0.900     0.037   0.668719D+03   0.180695D+18
    0.900     0.075   0.667871D+03   0.180592D+18
    0.900     0.112   0.666472D+03   0.180423D+18
    0.900     0.150   0.664676D+03   0.180232D+18
    0.900     0.188   0.662147D+03   0.179925D+18
    0.900     0.225   0.659212D+03   0.179584D+18
    0.900     0.263   0.655803D+03   0.179196D+18
    0.900     0.300   0.651761D+03   0.178713D+18
    0.900     0.337   0.647301D+03   0.178187D+18
    0.900     0.375   0.642365D+03   0.177605D+18
    0.900     0.412   0.636880D+03   0.176941D+18
    0.900     0.450   0.631012D+03   0.176234D+18
    0.900     0.487   0.624685D+03   0.175464D+18
    0.900     0.525   0.617918D+03   0.174633D+18
    0.900     0.562   0.610826D+03   0.173761D+18
    0.900     0.600   0.603231D+03   0.172801D+18
    0.900     0.637   0.595348D+03   0.171810D+18
    0.900     0.675   0.587173D+03   0.170773D+18
    0.900     0.713   0.578532D+03   0.169642D+18
    0.900     0.750   0.569693D+03   0.168492D+18
    0.900     0.787   0.560653D+03   0.167309D+18
    0.900     0.825   0.551191D+03   0.166028D+18
    0.900     0.862   0.541628D+03   0.164738D+18
    0.900     0.900   0.531828D+03   0.163391D+18
    0.900     0.938   0.521815D+03   0.161989D+18
    0.900     0.975   0.511757D+03   0.160582D+18
    0.900     1.012   0.501407D+03   0.159087D+18
    0.900     1.050   0.491007D+03   0.157569D+18
    0.900     1.087   0.480609D+03   0.156045D+18
    0.900     1.125   0.470021D+03   0.154449D+18
    0.900     1.162   0.459410D+03   0.152826D+18
    0.900     1.200   0.448831D+03   0.151193D+18
    0.900     1.238   0.438163D+03   0.149504D+18
    0.900     1.275   0.427552D+03   0.147802D+18
    0.900     1.312   0.416954D+03   0.146072D+18
    0.900     1.350   0.406389D+03   0.144315D+18
    0.900     1.387   0.395908D+03   0.142544D+18
    0.900     1.425   0.385491D+03   0.140750D+18
    0.900     1.462   0.375154D+03   0.138937D+18
    0.900     1.500   0.364967D+03   0.137123D+18
    0.938     0.000   0.667449D+03   0.179989D+18
    0.938     0.037   0.667283D+03   0.179988D+18
    0.938     0.075   0.666462D+03   0.179893D+18
    0.938     0.112   0.665037D+03   0.179717D+18
    0.938     0.150   0.663210D+03   0.179518D+18
    0.938     0.188   0.660742D+03   0.179226D+18
    0.938     0.225   0.657718D+03   0.178862D+18
    0.938     0.263   0.654350D+03   0.178486D+18
    0.938     0.300   0.650330D+03   0.178008D+18
    0.938     0.337   0.645830D+03   0.177471D+18
    0.938     0.375   0.640904D+03   0.176891D+18
    0.938     0.412   0.635483D+03   0.176246D+18
    0.938     0.450   0.629602D+03   0.175534D+18
    0.938     0.487   0.623257D+03   0.174759D+18
    0.938     0.525   0.616583D+03   0.173953D+18
    0.938     0.562   0.609455D+03   0.173072D+18
    0.938     0.600   0.601873D+03   0.172116D+18
    0.938     0.637   0.594031D+03   0.171134D+18
    0.938     0.675   0.585848D+03   0.170097D+18
    0.938     0.713   0.577219D+03   0.168970D+18
    0.938     0.750   0.568452D+03   0.167840D+18
    0.938     0.787   0.559378D+03   0.166648D+18
    0.938     0.825   0.549961D+03   0.165379D+18
    0.938     0.862   0.540445D+03   0.164103D+18
    0.938     0.900   0.530654D+03   0.162760D+18
    0.938     0.938   0.520640D+03   0.161358D+18
    0.938     0.975   0.510573D+03   0.159948D+18
    0.938     1.012   0.500286D+03   0.158471D+18
    0.938     1.050   0.489890D+03   0.156955D+18
    0.938     1.087   0.479484D+03   0.155429D+18
    0.938     1.125   0.468924D+03   0.153842D+18
    0.938     1.162   0.458330D+03   0.152223D+18
    0.938     1.200   0.447769D+03   0.150596D+18
    0.938     1.238   0.437154D+03   0.148925D+18
    0.938     1.275   0.426507D+03   0.147211D+18
    0.938     1.312   0.415953D+03   0.145495D+18
    0.938     1.350   0.405428D+03   0.143752D+18
    0.938     1.387   0.394956D+03   0.141982D+18
    0.938     1.425   0.384542D+03   0.140190D+18
    0.938     1.462   0.374262D+03   0.138395D+18
    0.938     1.500   0.364081D+03   0.136585D+18
    0.975     0.000   0.665881D+03   0.179236D+18
    0.975     0.037   0.665773D+03   0.179251D+18
    0.975     0.075   0.664953D+03   0.179156D+18
    0.975     0.112   0.663474D+03   0.178965D+18
    0.975     0.150   0.661708D+03   0.178783D+18
    0.975     0.188   0.659270D+03   0.178499D+18
    0.975     0.225   0.656204D+03   0.178123D+18
    0.975     0.263   0.652802D+03   0.177737D+18
    0.975     0.300   0.648876D+03   0.177285D+18
    0.975     0.337   0.644333D+03   0.176737D+18
    0.975     0.375   0.639418D+03   0.176160D+18
    0.975     0.412   0.634042D+03   0.175525D+18
    0.975     0.450   0.628137D+03   0.174809D+18
    0.975     0.487   0.621832D+03   0.174045D+18
    0.975     0.525   0.615157D+03   0.173237D+18
    0.975     0.562   0.607990D+03   0.172347D+18
    0.975     0.600   0.600462D+03   0.171405D+18
    0.975     0.637   0.592652D+03   0.170433D+18
    0.975     0.675   0.584424D+03   0.169383D+18
    0.975     0.713   0.575859D+03   0.168274D+18
    0.975     0.750   0.567156D+03   0.167161D+18
    0.975     0.787   0.558069D+03   0.165966D+18
    0.975     0.825   0.548623D+03   0.164689D+18
    0.975     0.862   0.539174D+03   0.163432D+18
    0.975     0.900   0.529401D+03   0.162095D+18
    0.975     0.938   0.519361D+03   0.160685D+18
    0.975     0.975   0.509360D+03   0.159295D+18
    0.975     1.012   0.499110D+03   0.157831D+18
    0.975     1.050   0.488676D+03   0.156301D+18
    0.975     1.087   0.478314D+03   0.154788D+18
    0.975     1.125   0.467808D+03   0.153220D+18
    0.975     1.162   0.457172D+03   0.151588D+18
    0.975     1.200   0.446645D+03   0.149969D+18
    0.975     1.238   0.436079D+03   0.148315D+18
    0.975     1.275   0.425446D+03   0.146606D+18
    0.975     1.312   0.414919D+03   0.144898D+18
    0.975     1.350   0.404460D+03   0.143177D+18
    0.975     1.387   0.393964D+03   0.141401D+18
    0.975     1.425   0.383575D+03   0.139616D+18
    0.975     1.462   0.373340D+03   0.137838D+18
    0.975     1.500   0.363129D+03   0.136017D+18
    1.012     0.000   0.664303D+03   0.178467D+18
    1.012     0.037   0.664097D+03   0.178457D+18
    1.012     0.075   0.663339D+03   0.178378D+18
    1.012     0.112   0.661901D+03   0.178198D+18
    1.012     0.150   0.660046D+03   0.177992D+18
    1.012     0.188   0.657670D+03   0.177724D+18
    1.012     0.225   0.654645D+03   0.177359D+18
    1.012     0.263   0.651226D+03   0.176970D+18
    1.012     0.300   0.647296D+03   0.176516D+18
    1.012     0.337   0.642758D+03   0.175969D+18
    1.012     0.375   0.637868D+03   0.175400D+18
    1.012     0.412   0.632435D+03   0.174748D+18
    1.012     0.450   0.626632D+03   0.174060D+18
    1.012     0.487   0.620339D+03   0.173299D+18
    1.012     0.525   0.613579D+03   0.172469D+18
    1.012     0.562   0.606503D+03   0.171604D+18
    1.012     0.600   0.598984D+03   0.170663D+18
    1.012     0.637   0.591214D+03   0.169702D+18
    1.012     0.675   0.582985D+03   0.168654D+18
    1.012     0.713   0.574456D+03   0.167553D+18
    1.012     0.750   0.565736D+03   0.166436D+18
    1.012     0.787   0.556616D+03   0.165233D+18
    1.012     0.825   0.547274D+03   0.163985D+18
    1.012     0.862   0.537767D+03   0.162710D+18
    1.012     0.900   0.528006D+03   0.161378D+18
    1.012     0.938   0.518073D+03   0.159998D+18
    1.012     0.975   0.508023D+03   0.158593D+18
    1.012     1.012   0.497839D+03   0.157149D+18
    1.012     1.050   0.487451D+03   0.155634D+18
    1.012     1.087   0.477070D+03   0.154115D+18
    1.012     1.125   0.466607D+03   0.152559D+18
    1.012     1.162   0.456015D+03   0.150942D+18
    1.012     1.200   0.445494D+03   0.149326D+18
    1.012     1.238   0.434940D+03   0.147676D+18
    1.012     1.275   0.424385D+03   0.145991D+18
    1.012     1.312   0.413853D+03   0.144283D+18
    1.012     1.350   0.403334D+03   0.142541D+18
    1.012     1.387   0.392931D+03   0.140797D+18
    1.012     1.425   0.382592D+03   0.139030D+18
    1.012     1.462   0.372353D+03   0.137249D+18
    1.012     1.500   0.362167D+03   0.135438D+18
    1.050     0.000   0.662677D+03   0.177675D+18
    1.050     0.037   0.662554D+03   0.177682D+18
    1.050     0.075   0.661736D+03   0.177588D+18
    1.050     0.112   0.660279D+03   0.177407D+18
    1.050     0.150   0.658505D+03   0.177219D+18
    1.050     0.188   0.656073D+03   0.176937D+18
    1.050     0.225   0.653037D+03   0.176572D+18
    1.050     0.263   0.649673D+03   0.176195D+18
    1.050     0.300   0.645686D+03   0.175724D+18
    1.050     0.337   0.641210D+03   0.175197D+18
    1.050     0.375   0.636317D+03   0.174626D+18
    1.050     0.412   0.630947D+03   0.173991D+18
    1.050     0.450   0.625079D+03   0.173288D+18
    1.050     0.487   0.618799D+03   0.172531D+18
    1.050     0.525   0.612136D+03   0.171724D+18
    1.050     0.562   0.605013D+03   0.170848D+18
    1.050     0.600   0.597513D+03   0.169914D+18
    1.050     0.637   0.589715D+03   0.168941D+18
    1.050     0.675   0.581564D+03   0.167916D+18
    1.050     0.713   0.573009D+03   0.166811D+18
    1.050     0.750   0.564327D+03   0.165701D+18
    1.050     0.787   0.555277D+03   0.164518D+18
    1.050     0.825   0.545884D+03   0.163259D+18
    1.050     0.862   0.536461D+03   0.162007D+18
    1.050     0.900   0.526727D+03   0.160682D+18
    1.050     0.938   0.516744D+03   0.159291D+18
    1.050     0.975   0.506773D+03   0.157908D+18
    1.050     1.012   0.496564D+03   0.156456D+18
    1.050     1.050   0.486188D+03   0.154947D+18
    1.050     1.087   0.475864D+03   0.153445D+18
    1.050     1.125   0.465376D+03   0.151879D+18
    1.050     1.162   0.454821D+03   0.150277D+18
    1.050     1.200   0.444355D+03   0.148677D+18
    1.050     1.238   0.433810D+03   0.147029D+18
    1.050     1.275   0.423232D+03   0.145340D+18
    1.050     1.312   0.412753D+03   0.143648D+18
    1.050     1.350   0.402329D+03   0.141937D+18
    1.050     1.387   0.391893D+03   0.140183D+18
    1.050     1.425   0.381550D+03   0.138414D+18
    1.050     1.462   0.371353D+03   0.136648D+18
    1.050     1.500   0.361214D+03   0.134854D+18
    1.087     0.000   0.661027D+03   0.176862D+18
    1.087     0.037   0.660864D+03   0.176861D+18
    1.087     0.075   0.660049D+03   0.176768D+18
    1.087     0.112   0.658634D+03   0.176595D+18
    1.087     0.150   0.656823D+03   0.176400D+18
    1.087     0.188   0.654369D+03   0.176111D+18
    1.087     0.225   0.651406D+03   0.175764D+18
    1.087     0.263   0.648032D+03   0.175386D+18
    1.087     0.300   0.644038D+03   0.174914D+18
    1.087     0.337   0.639582D+03   0.174392D+18
    1.087     0.375   0.634722D+03   0.173830D+18
    1.087     0.412   0.629295D+03   0.173179D+18
    1.087     0.450   0.623446D+03   0.172481D+18
    1.087     0.487   0.617187D+03   0.171729D+18
    1.087     0.525   0.610516D+03   0.170921D+18
    1.087     0.562   0.603489D+03   0.170070D+18
    1.087     0.600   0.595972D+03   0.169134D+18
    1.087     0.637   0.588182D+03   0.168164D+18
    1.087     0.675   0.580069D+03   0.167148D+18
    1.087     0.713   0.571540D+03   0.166050D+18
    1.087     0.750   0.562809D+03   0.164929D+18
    1.087     0.787   0.553813D+03   0.163761D+18
    1.087     0.825   0.544472D+03   0.162515D+18
    1.087     0.862   0.535036D+03   0.161261D+18
    1.087     0.900   0.525326D+03   0.159943D+18
    1.087     0.938   0.515394D+03   0.158566D+18
    1.087     0.975   0.505414D+03   0.157182D+18
    1.087     1.012   0.495209D+03   0.155730D+18
    1.087     1.050   0.484904D+03   0.154243D+18
    1.087     1.087   0.474590D+03   0.152745D+18
    1.087     1.125   0.464116D+03   0.151185D+18
    1.087     1.162   0.453622D+03   0.149599D+18
    1.087     1.200   0.443150D+03   0.148000D+18
    1.087     1.238   0.432621D+03   0.146355D+18
    1.087     1.275   0.422078D+03   0.144678D+18
    1.087     1.312   0.411620D+03   0.142995D+18
    1.087     1.350   0.401173D+03   0.141275D+18
    1.087     1.387   0.390811D+03   0.139547D+18
    1.087     1.425   0.380491D+03   0.137786D+18
    1.087     1.462   0.370311D+03   0.136026D+18
    1.087     1.500   0.360213D+03   0.134246D+18
    1.125     0.000   0.659263D+03   0.176009D+18
    1.125     0.037   0.659125D+03   0.176014D+18
    1.125     0.075   0.658256D+03   0.175907D+18
    1.125     0.112   0.656874D+03   0.175743D+18
    1.125     0.150   0.655093D+03   0.175555D+18
    1.125     0.188   0.652592D+03   0.175254D+18
    1.125     0.225   0.649696D+03   0.174926D+18
    1.125     0.263   0.646321D+03   0.174546D+18
    1.125     0.300   0.642323D+03   0.174074D+18
    1.125     0.337   0.637917D+03   0.173564D+18
    1.125     0.375   0.633040D+03   0.172998D+18
    1.125     0.412   0.627615D+03   0.172349D+18
    1.125     0.450   0.621818D+03   0.171663D+18
    1.125     0.487   0.615567D+03   0.170914D+18
    1.125     0.525   0.608877D+03   0.170103D+18
    1.125     0.562   0.601872D+03   0.169257D+18
    1.125     0.600   0.594372D+03   0.168325D+18
    1.125     0.637   0.586575D+03   0.167356D+18
    1.125     0.675   0.578503D+03   0.166350D+18
    1.125     0.713   0.569971D+03   0.165252D+18
    1.125     0.750   0.561231D+03   0.164129D+18
    1.125     0.787   0.552303D+03   0.162979D+18
    1.125     0.825   0.542963D+03   0.161735D+18
    1.125     0.862   0.533517D+03   0.160478D+18
    1.125     0.900   0.523839D+03   0.159168D+18
    1.125     0.938   0.513952D+03   0.157805D+18
    1.125     0.975   0.504016D+03   0.156434D+18
    1.125     1.012   0.493796D+03   0.154978D+18
    1.125     1.050   0.483534D+03   0.153505D+18
    1.125     1.087   0.473264D+03   0.152020D+18
    1.125     1.125   0.462810D+03   0.150464D+18
    1.125     1.162   0.452344D+03   0.148889D+18
    1.125     1.200   0.441899D+03   0.147299D+18
    1.125     1.238   0.431369D+03   0.145654D+18
    1.125     1.275   0.420899D+03   0.144000D+18
    1.125     1.312   0.410444D+03   0.142317D+18
    1.125     1.350   0.400018D+03   0.140607D+18
    1.125     1.387   0.389679D+03   0.138885D+18
    1.125     1.425   0.379406D+03   0.137141D+18
    1.125     1.462   0.369208D+03   0.135376D+18
    1.125     1.500   0.359164D+03   0.133614D+18
    1.162     0.000   0.657424D+03   0.175125D+18
    1.162     0.037   0.657230D+03   0.175114D+18
    1.162     0.075   0.656425D+03   0.175023D+18
    1.162     0.112   0.655040D+03   0.174861D+18
    1.162     0.150   0.653198D+03   0.174655D+18
    1.162     0.188   0.650841D+03   0.174392D+18
    1.162     0.225   0.647912D+03   0.174056D+18
    1.162     0.263   0.644517D+03   0.173672D+18
    1.162     0.300   0.640561D+03   0.173210D+18
    1.162     0.337   0.636134D+03   0.172695D+18
    1.162     0.375   0.631237D+03   0.172123D+18
    1.162     0.412   0.625908D+03   0.171499D+18
    1.162     0.450   0.620071D+03   0.170804D+18
    1.162     0.487   0.613833D+03   0.170059D+18
    1.162     0.525   0.607190D+03   0.169260D+18
    1.162     0.562   0.600133D+03   0.168401D+18
    1.162     0.600   0.592708D+03   0.167490D+18
    1.162     0.637   0.584940D+03   0.166528D+18
    1.162     0.675   0.576853D+03   0.165519D+18
    1.162     0.713   0.568381D+03   0.164439D+18
    1.162     0.750   0.559676D+03   0.163324D+18
    1.162     0.787   0.550666D+03   0.162150D+18
    1.162     0.825   0.541392D+03   0.160926D+18
    1.162     0.862   0.531971D+03   0.159677D+18
    1.162     0.900   0.522319D+03   0.158374D+18
    1.162     0.938   0.512450D+03   0.157018D+18
    1.162     0.975   0.502484D+03   0.155638D+18
    1.162     1.012   0.492372D+03   0.154214D+18
    1.162     1.050   0.482132D+03   0.152746D+18
    1.162     1.087   0.471837D+03   0.151255D+18
    1.162     1.125   0.461462D+03   0.149724D+18
    1.162     1.162   0.451024D+03   0.148157D+18
    1.162     1.200   0.440581D+03   0.146569D+18
    1.162     1.238   0.430098D+03   0.144939D+18
    1.162     1.275   0.419636D+03   0.143288D+18
    1.162     1.312   0.409207D+03   0.141614D+18
    1.162     1.350   0.398842D+03   0.139923D+18
    1.162     1.387   0.388498D+03   0.138200D+18
    1.162     1.425   0.378250D+03   0.136465D+18
    1.162     1.462   0.368100D+03   0.134716D+18
    1.162     1.500   0.358062D+03   0.132957D+18
    1.200     0.000   0.655571D+03   0.174224D+18
    1.200     0.037   0.655360D+03   0.174209D+18
    1.200     0.075   0.654590D+03   0.174128D+18
    1.200     0.112   0.653166D+03   0.173955D+18
    1.200     0.150   0.651314D+03   0.173748D+18
    1.200     0.188   0.648990D+03   0.173493D+18
    1.200     0.225   0.646028D+03   0.173149D+18
    1.200     0.263   0.642544D+03   0.172739D+18
    1.200     0.300   0.638735D+03   0.172317D+18
    1.200     0.337   0.634278D+03   0.171796D+18
    1.200     0.375   0.629360D+03   0.171218D+18
    1.200     0.412   0.624093D+03   0.170611D+18
    1.200     0.450   0.618224D+03   0.169907D+18
    1.200     0.487   0.611994D+03   0.169165D+18
    1.200     0.525   0.605439D+03   0.168389D+18
    1.200     0.562   0.598337D+03   0.167518D+18
    1.200     0.600   0.590954D+03   0.166619D+18
    1.200     0.637   0.583241D+03   0.165671D+18
    1.200     0.675   0.575089D+03   0.164644D+18
    1.200     0.713   0.566685D+03   0.163585D+18
    1.200     0.750   0.558035D+03   0.162485D+18
    1.200     0.787   0.549023D+03   0.161311D+18
    1.200     0.825   0.539779D+03   0.160097D+18
    1.200     0.862   0.530415D+03   0.158863D+18
    1.200     0.900   0.520766D+03   0.157561D+18
    1.200     0.938   0.510901D+03   0.156207D+18
    1.200     0.975   0.500963D+03   0.154836D+18
    1.200     1.012   0.490927D+03   0.153432D+18
    1.200     1.050   0.480685D+03   0.151966D+18
    1.200     1.087   0.470363D+03   0.150468D+18
    1.200     1.125   0.460067D+03   0.148960D+18
    1.200     1.162   0.449627D+03   0.147394D+18
    1.200     1.200   0.439139D+03   0.145790D+18
    1.200     1.238   0.428785D+03   0.144202D+18
    1.200     1.275   0.418324D+03   0.142552D+18
    1.200     1.312   0.407896D+03   0.140878D+18
    1.200     1.350   0.397596D+03   0.139209D+18
    1.200     1.387   0.387253D+03   0.137486D+18
    1.200     1.425   0.377048D+03   0.135767D+18
    1.200     1.462   0.366948D+03   0.134035D+18
    1.200     1.500   0.356862D+03   0.132257D+18
    1.238     0.000   0.653594D+03   0.173282D+18
    1.238     0.037   0.653426D+03   0.173278D+18
    1.238     0.075   0.652631D+03   0.173189D+18
    1.238     0.112   0.651219D+03   0.173019D+18
    1.238     0.150   0.649383D+03   0.172816D+18
    1.238     0.188   0.647043D+03   0.172558D+18
    1.238     0.225   0.644040D+03   0.172203D+18
    1.238     0.263   0.640635D+03   0.171814D+18
    1.238     0.300   0.636812D+03   0.171389D+18
    1.238     0.337   0.632323D+03   0.170859D+18
    1.238     0.375   0.627442D+03   0.170290D+18
    1.238     0.412   0.622206D+03   0.169693D+18
    1.238     0.450   0.616336D+03   0.168986D+18
    1.238     0.487   0.610127D+03   0.168253D+18
    1.238     0.525   0.603598D+03   0.167483D+18
    1.238     0.562   0.596505D+03   0.166613D+18
    1.238     0.600   0.589102D+03   0.165711D+18
    1.238     0.637   0.581454D+03   0.164781D+18
    1.238     0.675   0.573308D+03   0.163755D+18
    1.238     0.713   0.564921D+03   0.162701D+18
    1.238     0.750   0.556312D+03   0.161614D+18
    1.238     0.787   0.547341D+03   0.160451D+18
    1.238     0.825   0.538083D+03   0.159232D+18
    1.238     0.862   0.528762D+03   0.158013D+18
    1.238     0.900   0.519167D+03   0.156725D+18
    1.238     0.938   0.509288D+03   0.155368D+18
    1.238     0.975   0.499402D+03   0.154012D+18
    1.238     1.012   0.489377D+03   0.152613D+18
    1.238     1.050   0.479146D+03   0.151149D+18
    1.238     1.087   0.468863D+03   0.149662D+18
    1.238     1.125   0.458600D+03   0.148167D+18
    1.238     1.162   0.448158D+03   0.146598D+18
    1.238     1.200   0.437743D+03   0.145019D+18
    1.238     1.238   0.427403D+03   0.143436D+18
    1.238     1.275   0.416944D+03   0.141785D+18
    1.238     1.312   0.406552D+03   0.140125D+18
    1.238     1.350   0.396301D+03   0.138472D+18
    1.238     1.387   0.385983D+03   0.136755D+18
    1.238     1.425   0.375780D+03   0.135039D+18
    1.238     1.462   0.365740D+03   0.133327D+18
    1.238     1.500   0.355697D+03   0.131564D+18
    1.275     0.000   0.651484D+03   0.172292D+18
    1.275     0.037   0.651389D+03   0.172308D+18
    1.275     0.075   0.650595D+03   0.172220D+18
    1.275     0.112   0.649175D+03   0.172046D+18
    1.275     0.150   0.647322D+03   0.171840D+18
    1.275     0.188   0.645022D+03   0.171593D+18
    1.275     0.225   0.642039D+03   0.171241D+18
    1.275     0.263   0.638630D+03   0.170854D+18
    1.275     0.300   0.634816D+03   0.170431D+18
    1.275     0.337   0.630353D+03   0.169905D+18
    1.275     0.375   0.625471D+03   0.169339D+18
    1.275     0.412   0.620246D+03   0.168745D+18
    1.275     0.450   0.614393D+03   0.168043D+18
    1.275     0.487   0.608183D+03   0.167308D+18
    1.275     0.525   0.601686D+03   0.166549D+18
    1.275     0.562   0.594612D+03   0.165684D+18
    1.275     0.600   0.587237D+03   0.164788D+18
    1.275     0.637   0.579599D+03   0.163863D+18
    1.275     0.675   0.571475D+03   0.162842D+18
    1.275     0.713   0.563099D+03   0.161790D+18
    1.275     0.750   0.554523D+03   0.160714D+18
    1.275     0.787   0.545570D+03   0.159556D+18
    1.275     0.825   0.536311D+03   0.158335D+18
    1.275     0.862   0.527047D+03   0.157135D+18
    1.275     0.900   0.517477D+03   0.155855D+18
    1.275     0.938   0.507568D+03   0.154488D+18
    1.275     0.975   0.497785D+03   0.153165D+18
    1.275     1.012   0.487768D+03   0.151767D+18
    1.275     1.050   0.477555D+03   0.150308D+18
    1.275     1.087   0.467312D+03   0.148835D+18
    1.275     1.125   0.457077D+03   0.147348D+18
    1.275     1.162   0.446668D+03   0.145789D+18
    1.275     1.200   0.436280D+03   0.144220D+18
    1.275     1.238   0.425969D+03   0.142645D+18
    1.275     1.275   0.415539D+03   0.141002D+18
    1.275     1.312   0.405179D+03   0.139355D+18
    1.275     1.350   0.394957D+03   0.137711D+18
    1.275     1.387   0.384670D+03   0.136005D+18
    1.275     1.425   0.374501D+03   0.134300D+18
    1.275     1.462   0.364487D+03   0.132598D+18
    1.275     1.500   0.354474D+03   0.130846D+18
    1.312     0.000   0.649431D+03   0.171305D+18
    1.312     0.037   0.649243D+03   0.171298D+18
    1.312     0.075   0.648484D+03   0.171220D+18
    1.312     0.112   0.647033D+03   0.171036D+18
    1.312     0.150   0.645251D+03   0.170851D+18
    1.312     0.188   0.642925D+03   0.170597D+18
    1.312     0.225   0.639952D+03   0.170246D+18
    1.312     0.263   0.636516D+03   0.169853D+18
    1.312     0.300   0.632746D+03   0.169442D+18
    1.312     0.337   0.628270D+03   0.168913D+18
    1.312     0.375   0.623424D+03   0.168355D+18
    1.312     0.412   0.618214D+03   0.167767D+18
    1.312     0.450   0.612371D+03   0.167068D+18
    1.312     0.487   0.606190D+03   0.166339D+18
    1.312     0.525   0.599702D+03   0.165584D+18
    1.312     0.562   0.592615D+03   0.164716D+18
    1.312     0.600   0.585275D+03   0.163829D+18
    1.312     0.637   0.577675D+03   0.162916D+18
    1.312     0.675   0.569538D+03   0.161892D+18
    1.312     0.713   0.561218D+03   0.160854D+18
    1.312     0.750   0.552667D+03   0.159787D+18
    1.312     0.787   0.543743D+03   0.158637D+18
    1.312     0.825   0.534560D+03   0.157438D+18
    1.312     0.862   0.525267D+03   0.156230D+18
    1.312     0.900   0.515725D+03   0.154958D+18
    1.312     0.938   0.505891D+03   0.153612D+18
    1.312     0.975   0.496069D+03   0.152277D+18
    1.312     1.012   0.486100D+03   0.150896D+18
    1.312     1.050   0.475919D+03   0.149445D+18
    1.312     1.087   0.465721D+03   0.147988D+18
    1.312     1.125   0.455499D+03   0.146504D+18
    1.312     1.162   0.445124D+03   0.144955D+18
    1.312     1.200   0.434743D+03   0.143388D+18
    1.312     1.238   0.424483D+03   0.141831D+18
    1.312     1.275   0.414079D+03   0.140197D+18
    1.312     1.312   0.403762D+03   0.138562D+18
    1.312     1.350   0.393564D+03   0.136928D+18
    1.312     1.387   0.383300D+03   0.135230D+18
    1.312     1.425   0.373161D+03   0.133534D+18
    1.312     1.462   0.363188D+03   0.131847D+18
    1.312     1.500   0.353185D+03   0.130098D+18
    1.350     0.000   0.647187D+03   0.170259D+18
    1.350     0.037   0.647024D+03   0.170260D+18
    1.350     0.075   0.646227D+03   0.170171D+18
    1.350     0.112   0.644869D+03   0.170012D+18
    1.350     0.150   0.643045D+03   0.169815D+18
    1.350     0.188   0.640715D+03   0.169560D+18
    1.350     0.225   0.637805D+03   0.169226D+18
    1.350     0.263   0.634426D+03   0.168848D+18
    1.350     0.300   0.630600D+03   0.168423D+18
    1.350     0.337   0.626175D+03   0.167907D+18
    1.350     0.375   0.621341D+03   0.167352D+18
    1.350     0.412   0.616107D+03   0.166759D+18
    1.350     0.450   0.610316D+03   0.166073D+18
    1.350     0.487   0.604155D+03   0.165350D+18
    1.350     0.525   0.597647D+03   0.164591D+18
    1.350     0.562   0.590632D+03   0.163742D+18
    1.350     0.600   0.583300D+03   0.162857D+18
    1.350     0.637   0.575681D+03   0.161940D+18
    1.350     0.675   0.567630D+03   0.160939D+18
    1.350     0.713   0.559288D+03   0.159896D+18
    1.350     0.750   0.550717D+03   0.158822D+18
    1.350     0.787   0.541821D+03   0.157682D+18
    1.350     0.825   0.532671D+03   0.156492D+18
    1.350     0.862   0.523378D+03   0.155282D+18
    1.350     0.900   0.513850D+03   0.154017D+18
    1.350     0.938   0.504094D+03   0.152692D+18
    1.350     0.975   0.494292D+03   0.151364D+18
    1.350     1.012   0.484344D+03   0.149990D+18
    1.350     1.050   0.474235D+03   0.148561D+18
    1.350     1.087   0.464038D+03   0.147104D+18
    1.350     1.125   0.453864D+03   0.145635D+18
    1.350     1.162   0.443533D+03   0.144100D+18
    1.350     1.200   0.433201D+03   0.142548D+18
    1.350     1.238   0.422943D+03   0.140993D+18
    1.350     1.275   0.412595D+03   0.139377D+18
    1.350     1.312   0.402314D+03   0.137752D+18
    1.350     1.350   0.392122D+03   0.136122D+18
    1.350     1.387   0.381910D+03   0.134442D+18
    1.350     1.425   0.371811D+03   0.132758D+18
    1.350     1.462   0.361843D+03   0.131074D+18
    1.350     1.500   0.351890D+03   0.129343D+18
    1.387     0.000   0.644944D+03   0.169203D+18
    1.387     0.037   0.644791D+03   0.169206D+18
    1.387     0.075   0.643972D+03   0.169113D+18
    1.387     0.112   0.642595D+03   0.168948D+18
    1.387     0.150   0.640855D+03   0.168772D+18
    1.387     0.188   0.638437D+03   0.168496D+18
    1.387     0.225   0.635543D+03   0.168166D+18
    1.387     0.263   0.632235D+03   0.167806D+18
    1.387     0.300   0.628316D+03   0.167357D+18
    1.387     0.337   0.623981D+03   0.166866D+18
    1.387     0.375   0.619160D+03   0.166315D+18
    1.387     0.412   0.613866D+03   0.165704D+18
    1.387     0.450   0.608166D+03   0.165044D+18
    1.387     0.487   0.602024D+03   0.164326D+18
    1.387     0.525   0.595460D+03   0.163551D+18
    1.387     0.562   0.588572D+03   0.162737D+18
    1.387     0.600   0.581230D+03   0.161850D+18
    1.387     0.637   0.573559D+03   0.160918D+18
    1.387     0.675   0.565624D+03   0.159950D+18
    1.387     0.713   0.557239D+03   0.158894D+18
    1.387     0.750   0.548708D+03   0.157833D+18
    1.387     0.787   0.539906D+03   0.156719D+18
    1.387     0.825   0.530731D+03   0.155523D+18
    1.387     0.862   0.521476D+03   0.154325D+18
    1.387     0.900   0.511981D+03   0.153069D+18
    1.387     0.938   0.502266D+03   0.151756D+18
    1.387     0.975   0.492527D+03   0.150446D+18
    1.387     1.012   0.482532D+03   0.149060D+18
    1.387     1.050   0.472431D+03   0.147634D+18
    1.387     1.087   0.462370D+03   0.146215D+18
    1.387     1.125   0.452127D+03   0.144727D+18
    1.387     1.162   0.441885D+03   0.143221D+18
    1.387     1.200   0.431622D+03   0.141690D+18
    1.387     1.238   0.421308D+03   0.140116D+18
    1.387     1.275   0.411045D+03   0.138529D+18
    1.387     1.312   0.400800D+03   0.136916D+18
    1.387     1.350   0.390591D+03   0.135279D+18
    1.387     1.387   0.380461D+03   0.133627D+18
    1.387     1.425   0.370397D+03   0.131955D+18
    1.387     1.462   0.360416D+03   0.130266D+18
    1.387     1.500   0.350577D+03   0.128574D+18
    1.425     0.000   0.642620D+03   0.168117D+18
    1.425     0.037   0.642457D+03   0.168116D+18
    1.425     0.075   0.641634D+03   0.168021D+18
    1.425     0.112   0.640279D+03   0.167864D+18
    1.425     0.150   0.638504D+03   0.167678D+18
    1.425     0.188   0.636115D+03   0.167409D+18
    1.425     0.225   0.633211D+03   0.167078D+18
    1.425     0.263   0.629908D+03   0.166719D+18
    1.425     0.300   0.626030D+03   0.166282D+18
    1.425     0.337   0.621677D+03   0.165785D+18
    1.425     0.375   0.616895D+03   0.165245D+18
    1.425     0.412   0.611623D+03   0.164641D+18
    1.425     0.450   0.605941D+03   0.163986D+18
    1.425     0.487   0.599788D+03   0.163264D+18
    1.425     0.525   0.593271D+03   0.162503D+18
    1.425     0.562   0.586376D+03   0.161686D+18
    1.425     0.600   0.579061D+03   0.160806D+18
    1.425     0.637   0.571410D+03   0.159880D+18
    1.425     0.675   0.563500D+03   0.158920D+18
    1.425     0.713   0.555174D+03   0.157881D+18
    1.425     0.750   0.546655D+03   0.156822D+18
    1.425     0.787   0.537864D+03   0.155713D+18
    1.425     0.825   0.528748D+03   0.154534D+18
    1.425     0.862   0.519536D+03   0.153346D+18
    1.425     0.900   0.510062D+03   0.152098D+18
    1.425     0.938   0.500372D+03   0.150794D+18
    1.425     0.975   0.490633D+03   0.149483D+18
    1.425     1.012   0.480688D+03   0.148112D+18
    1.425     1.050   0.470634D+03   0.146701D+18
    1.425     1.087   0.460573D+03   0.145282D+18
    1.425     1.125   0.450371D+03   0.143808D+18
    1.425     1.162   0.440154D+03   0.142309D+18
    1.425     1.200   0.429927D+03   0.140789D+18
    1.425     1.238   0.419671D+03   0.139234D+18
    1.425     1.275   0.409415D+03   0.137649D+18
    1.425     1.312   0.399247D+03   0.136062D+18
    1.425     1.350   0.389057D+03   0.134431D+18
    1.425     1.387   0.378988D+03   0.132798D+18
    1.425     1.425   0.368919D+03   0.131124D+18
    1.425     1.462   0.358986D+03   0.129453D+18
    1.425     1.500   0.349167D+03   0.127767D+18
    1.462     0.000   0.640147D+03   0.166981D+18
    1.462     0.037   0.640054D+03   0.166999D+18
    1.462     0.075   0.639260D+03   0.166912D+18
    1.462     0.112   0.637814D+03   0.166730D+18
    1.462     0.150   0.636114D+03   0.166565D+18
    1.462     0.188   0.633726D+03   0.166297D+18
    1.462     0.225   0.630768D+03   0.165950D+18
    1.462     0.263   0.627510D+03   0.165603D+18
    1.462     0.300   0.623655D+03   0.165172D+18
    1.462     0.337   0.619305D+03   0.164677D+18
    1.462     0.375   0.614542D+03   0.164141D+18
    1.462     0.412   0.609346D+03   0.163557D+18
    1.462     0.450   0.603616D+03   0.162889D+18
    1.462     0.487   0.597483D+03   0.162174D+18
    1.462     0.525   0.591002D+03   0.161422D+18
    1.462     0.562   0.584110D+03   0.160608D+18
    1.462     0.600   0.576820D+03   0.159735D+18
    1.462     0.637   0.569242D+03   0.158829D+18
    1.462     0.675   0.561339D+03   0.157872D+18
    1.462     0.713   0.552979D+03   0.156822D+18
    1.462     0.750   0.544571D+03   0.155795D+18
    1.462     0.787   0.535783D+03   0.154688D+18
    1.462     0.825   0.526640D+03   0.153500D+18
    1.462     0.862   0.517515D+03   0.152339D+18
    1.462     0.900   0.508071D+03   0.151100D+18
    1.462     0.938   0.498360D+03   0.149788D+18
    1.462     0.975   0.488708D+03   0.148504D+18
    1.462     1.012   0.478810D+03   0.147148D+18
    1.462     1.050   0.468724D+03   0.145726D+18
    1.462     1.087   0.458748D+03   0.144334D+18
    1.462     1.125   0.448577D+03   0.142869D+18
    1.462     1.162   0.438346D+03   0.141366D+18
    1.462     1.200   0.428189D+03   0.139866D+18
    1.462     1.238   0.417961D+03   0.138323D+18
    1.462     1.275   0.407747D+03   0.136750D+18
    1.462     1.312   0.397594D+03   0.135167D+18
    1.462     1.350   0.387500D+03   0.133568D+18
    1.462     1.387   0.377403D+03   0.131926D+18
    1.462     1.425   0.367392D+03   0.130272D+18
    1.462     1.462   0.357512D+03   0.128617D+18
    1.462     1.500   0.347707D+03   0.126939D+18
    1.500     0.000   0.637676D+03   0.165838D+18
    1.500     0.037   0.637497D+03   0.165832D+18
    1.500     0.075   0.636740D+03   0.165755D+18
    1.500     0.112   0.635350D+03   0.165589D+18
    1.500     0.150   0.633576D+03   0.165403D+18
    1.500     0.188   0.631273D+03   0.165156D+18
    1.500     0.225   0.628325D+03   0.164815D+18
    1.500     0.263   0.625039D+03   0.164459D+18
    1.500     0.300   0.621232D+03   0.164040D+18
    1.500     0.337   0.616859D+03   0.163540D+18
    1.500     0.375   0.612113D+03   0.163009D+18
    1.500     0.412   0.606852D+03   0.162407D+18
    1.500     0.450   0.601221D+03   0.161767D+18
    1.500     0.487   0.595134D+03   0.161065D+18
    1.500     0.525   0.588655D+03   0.160312D+18
    1.500     0.562   0.581777D+03   0.159504D+18
    1.500     0.600   0.574488D+03   0.158629D+18
    1.500     0.637   0.566995D+03   0.157746D+18
    1.500     0.675   0.559044D+03   0.156778D+18
    1.500     0.713   0.550784D+03   0.155757D+18
    1.500     0.750   0.542360D+03   0.154725D+18
    1.500     0.787   0.533570D+03   0.153617D+18
    1.500     0.825   0.524531D+03   0.152460D+18
    1.500     0.862   0.515398D+03   0.151296D+18
    1.500     0.900   0.505983D+03   0.150066D+18
    1.500     0.938   0.496347D+03   0.148777D+18
    1.500     0.975   0.486669D+03   0.147483D+18
    1.500     1.012   0.476823D+03   0.146144D+18
    1.500     1.050   0.466813D+03   0.144745D+18
    1.500     1.087   0.456821D+03   0.143346D+18
    1.500     1.125   0.446733D+03   0.141908D+18
    1.500     1.162   0.436515D+03   0.140410D+18
    1.500     1.200   0.426395D+03   0.138922D+18
    1.500     1.238   0.416213D+03   0.137392D+18
    1.500     1.275   0.406051D+03   0.135836D+18
    1.500     1.312   0.395912D+03   0.134258D+18
    1.500     1.350   0.385779D+03   0.132644D+18
    1.500     1.387   0.375794D+03   0.131042D+18
    1.500     1.425   0.365836D+03   0.129406D+18
    1.500     1.462   0.355982D+03   0.127758D+18
    1.500     1.500   0.346210D+03   0.126092D+18





 HARMONIC    E (EV)   POWER DENSITY      POWER           FLUX

      1      7982.253   0.119086D+03   0.739020D+03   0.625009D+18
      2     15964.506   0.457920D+02   0.681598D+03   0.300496D+18
      3     23946.759   0.931434D+02   0.586102D+03   0.169569D+18
      4     31929.012   0.732367D+02   0.543726D+03   0.116604D+18
      5     39911.265   0.673555D+02   0.482368D+03   0.828003D+17
      6     47893.519   0.518864D+02   0.405866D+03   0.581911D+17
      7     55875.772   0.578709D+02   0.333363D+03   0.409368D+17
      8     63858.025   0.191305D+02   0.250881D+03   0.272950D+17
      9     71840.278   0.568800D+02   0.266952D+03   0.249901D+17
     10     79822.531   0.480753D+00   0.664368D+02   0.617300D+16
     11     87804.784   0.361045D+02   0.218585D+03   0.169573D+17
     12     95787.037   0.932442D+01   0.839167D+02   0.603178D+16
     13    103769.290   0.130520D+02   0.503546D+02   0.325912D+16
     14    111751.543   0.100382D+02   0.682246D+02   0.419466D+16
     15    119733.796   0.766369D+01   0.564236D+02   0.328440D+16
     16    127716.050   0.506793D+01   0.345538D+02   0.187034D+16
     17    135698.303   0.567280D+01   0.237575D+02   0.117888D+16
     18    143680.556   0.167331D+01   0.169807D+02   0.807956D+15
     19    151662.809   0.473722D+01   0.195451D+02   0.869286D+15
     20    159645.062   0.115680D+00   0.722966D+01   0.331490D+15
     21    167627.315   0.277907D+01   0.140290D+02   0.569156D+15
     22    175609.568   0.703002D+00   0.456379D+01   0.181188D+15
     23    183591.821   0.894124D+00   0.404072D+01   0.151652D+15
     24    191574.074   0.767953D+00   0.509751D+01   0.181996D+15
     25    199556.327   0.517793D+00   0.280217D+01   0.959861D+14
     26    207538.581   0.314527D+00   0.148905D+01   0.489724D+14
     27    215520.834   0.391230D+00   0.172884D+01   0.551291D+14
     28    223503.087   0.109048D+00   0.139744D+01   0.440534D+14
     29    231485.340   0.296950D+00   0.116786D+01   0.344039D+14
     30    239467.593   0.117221D-01   0.308812D+00   0.925518D+13
     31    247449.846   0.168539D+00   0.672567D+00   0.182094D+14
     32    255432.099   0.440596D-01   0.300382D+00   0.830222D+13
     33    263414.352   0.519846D-01   0.310245D+00   0.829374D+13
     34    271396.605   0.477370D-01   0.292771D+00   0.743415D+13
     35    279378.858   0.287954D-01   0.117556D+00   0.288481D+13
     36    287361.112   0.165612D-01   0.810831D-01   0.193720D+13
     37    295343.365   0.236728D-01   0.114818D+00   0.267040D+13
     38    303325.618   0.617410D-02   0.715253D-01   0.166448D+13
     39    311307.871   0.153514D-01   0.509746D-01   0.113164D+13
     40    319290.124   0.982719D-03   0.246896D-01   0.567079D+12
     41    327272.377   0.940987D-02   0.442000D-01   0.925864D+12
     42    335254.630   0.217089D-02   0.168786D-01   0.355653D+12
     43    343236.883   0.285876D-02   0.125469D-01   0.250232D+12
     44    351219.136   0.278611D-02   0.131563D-01   0.254737D+12
     45    359201.389   0.153342D-02   0.812680D-02   0.160989D+12
     46    367183.642   0.102707D-02   0.795907D-02   0.155018D+12
     47    375165.896   0.140562D-02   0.721206D-02   0.134069D+12
     48    383148.149   0.270020D-03   0.267541D-02   0.490658D+11
     49    391130.402   0.915553D-03   0.254522D-02   0.438925D+11
     50    399112.655   0.985482D-04   0.182654D-02   0.328392D+11
     51    407094.908   0.459249D-03   0.272637D-02   0.463106D+11
     52    415077.161   0.179512D-03   0.981092D-03   0.169684D+11
     53    423059.414   0.134885D-03   0.921540D-03   0.152035D+11
     54    431041.667   0.131255D-03   0.824520D-03   0.131629D+11
     55    439023.920   0.319535D-04   0.355109D-03   0.589102D+10
     56    447006.173   0.354500D-04   0.338775D-03   0.542340D+10
     57    454988.427   0.422287D-04   0.355771D-03   0.549988D+10
     58    462970.680   0.942430D-05   0.170724D-03   0.275621D+10
     59    470952.933   0.192937D-04   0.195978D-03   0.298870D+10
     60    478935.186   0.111144D-04   0.167020D-03   0.243359D+10
     61    486917.439   0.843475D-05   0.724432D-04   0.103412D+10
     62    494899.692   0.407689D-05   0.423942D-04   0.615247D+09
     63    502881.945   0.506419D-05   0.817811D-04   0.115471D+10
     64    510864.198   0.715750D-05   0.841500D-04   0.116973D+10
     65    518846.451   0.314697D-05   0.419443D-04   0.585477D+09
     66    526828.704   0.524341D-05   0.280899D-04   0.373236D+09
     67    534810.958   0.240680D-05   0.242036D-04   0.317734D+09
     68    542793.211   0.402293D-05   0.313952D-04   0.402186D+09
     69    550775.464   0.501400D-05   0.335870D-04   0.419724D+09
     70    558757.717   0.457199D-05   0.230726D-04   0.285654D+09
     71    566739.970   0.419257D-05   0.196437D-04   0.236794D+09
     72    574722.223   0.691207D-05   0.320154D-04   0.372468D+09
     73    582704.476   0.607681D-05   0.230788D-04   0.268147D+09
     74    590686.729   0.301977D-05   0.199750D-04   0.232231D+09
     75    598668.982   0.122569D-04   0.390313D-04   0.432798D+09
     76    606651.235   0.572748D-05   0.209017D-04   0.234173D+09
     77    614633.489   0.113493D-05   0.160055D-04   0.178913D+09
     78    622615.742   0.130546D-04   0.406634D-04   0.431082D+09
     79    630597.995   0.443198D-05   0.176875D-04   0.189880D+09
     80    638580.248   0.586098D-06   0.153028D-04   0.164691D+09
     81    646562.501   0.104298D-04   0.307041D-04   0.315099D+09
     82    654544.754   0.206671D-05   0.167411D-04   0.176399D+09
     83    662527.007   0.149470D-05   0.255097D-04   0.262111D+09
     84    670509.260   0.871953D-05   0.274928D-04   0.274634D+09
     85    678491.513   0.150747D-05   0.168324D-04   0.173951D+09
     86    686473.766   0.747247D-06   0.211921D-04   0.212287D+09
     87    694456.019   0.613268D-05   0.236180D-04   0.229619D+09
     88    702438.273   0.243730D-05   0.237178D-04   0.231691D+09
     89    710420.526   0.182129D-05   0.185032D-04   0.177868D+09
     90    718402.779   0.521696D-05   0.213412D-04   0.202187D+09
     91    726385.032   0.202112D-05   0.226088D-04   0.214084D+09
     92    734367.285   0.251739D-05   0.274839D-04   0.256326D+09
     93    742349.538   0.545849D-05   0.237585D-04   0.217046D+09
     94    750331.791   0.703227D-06   0.136120D-04   0.126987D+09
     95    758314.044   0.800313D-06   0.158476D-04   0.146546D+09
     96    766296.297   0.203613D-05   0.145232D-04   0.131094D+09
     97    774278.550   0.202718D-05   0.209032D-04   0.185549D+09
     98    782260.804   0.230022D-05   0.181375D-04   0.161024D+09
     99    790243.057   0.204380D-05   0.168993D-04   0.148681D+09
    100    798225.310   0.125701D-05   0.196146D-04   0.169560D+09
    101    806207.563   0.283947D-05   0.171945D-04   0.147167D+09
    102    814189.816   0.289411D-05   0.191749D-04   0.161416D+09
    103    822172.069   0.230796D-05   0.210834D-04   0.177018D+09
    104    830154.322   0.406185D-05   0.166563D-04   0.137994D+09
    105    838136.575   0.225576D-05   0.226024D-04   0.187262D+09
    106    846118.828   0.278388D-05   0.235500D-04   0.191074D+09
    107    854101.081   0.532287D-05   0.209591D-04   0.167500D+09
    108    862083.335   0.287860D-05   0.210655D-04   0.168548D+09
    109    870065.588   0.324139D-05   0.236048D-04   0.186458D+09
    110    878047.841   0.404171D-05   0.190168D-04   0.148844D+09
    111    886030.094   0.413969D-05   0.278464D-04   0.215071D+09
    112    894012.347   0.393278D-05   0.205726D-04   0.158337D+09
    113    901994.600   0.391907D-06   0.189810D-04   0.148646D+09
    114    909976.853   0.311065D-05   0.227296D-04   0.172564D+09
    115    917959.106   0.377267D-05   0.234473D-04   0.175460D+09
    116    925941.359   0.864872D-06   0.193993D-04   0.147171D+09
    117    933923.612   0.331581D-05   0.222390D-04   0.164596D+09
    118    941905.865   0.317606D-05   0.258301D-04   0.189161D+09
    119    949888.119   0.310727D-06   0.189309D-04   0.140299D+09
    120    957870.372   0.425217D-05   0.251374D-04   0.181141D+09
    121    965852.625   0.452396D-05   0.253987D-04   0.180599D+09
    122    973834.878   0.223168D-05   0.258551D-04   0.183830D+09
    123    981817.131   0.445311D-05   0.286854D-04   0.198835D+09
    124    989799.384   0.330998D-05   0.248212D-04   0.172748D+09
    125    997781.637   0.257182D-05   0.233916D-04   0.160673D+09
    126    **********   0.391343D-05   0.328738D-04   0.223025D+09
    127    **********   0.222510D-05   0.205411D-04   0.138859D+09
    128    **********   0.204173D-05   0.258148D-04   0.174284D+09
    129    **********   0.288207D-05   0.297521D-04   0.196875D+09
    130    **********   0.163819D-05   0.212548D-04   0.141882D+09
    131    **********   0.243111D-05   0.223837D-04   0.147255D+09
    132    **********   0.203819D-05   0.265687D-04   0.173162D+09
    133    **********   0.392307D-06   0.207473D-04   0.136086D+09
    134    **********   0.393310D-05   0.280242D-04   0.177858D+09
    135    **********   0.221045D-05   0.261848D-04   0.164936D+09
    136    **********   0.832349D-06   0.256034D-04   0.163446D+09
    137    **********   0.430634D-05   0.323111D-04   0.200656D+09
    138    **********   0.587991D-05   0.334159D-04   0.204847D+09
    139    **********   0.402855D-05   0.303583D-04   0.186785D+09
    140    **********   0.515294D-05   0.322225D-04   0.196607D+09
    141    **********   0.873865D-05   0.385936D-04   0.231740D+09
    142    **********   0.384483D-05   0.295118D-04   0.177952D+09
    143    **********   0.604081D-05   0.325385D-04   0.194387D+09
    144    **********   0.852538D-05   0.341413D-04   0.201179D+09
    145    **********   0.397622D-05   0.330451D-04   0.196002D+09
    146    **********   0.585647D-05   0.314418D-04   0.184047D+09
    147    **********   0.793362D-05   0.409383D-04   0.237321D+09
    148    **********   0.412642D-05   0.261752D-04   0.152012D+09
    149    **********   0.551469D-05   0.251198D-04   0.144296D+09
    150    **********   0.668246D-05   0.302878D-04   0.171891D+09
    151    **********   0.369792D-05   0.279122D-04   0.159980D+09
    152    **********   0.519138D-05   0.272225D-04   0.153787D+09
    153    **********   0.544610D-05   0.269464D-04   0.150793D+09
    154    **********   0.314593D-05   0.224242D-04   0.125347D+09
    155    **********   0.411940D-05   0.339174D-04   0.188517D+09
    156    **********   0.419680D-05   0.280245D-04   0.155150D+09
    157    **********   0.305609D-05   0.200737D-04   0.111141D+09
    158    **********   0.367519D-05   0.251248D-04   0.135557D+09
    159    **********   0.317926D-05   0.216554D-04   0.117637D+09
    160    **********   0.202685D-05   0.328387D-04   0.176785D+09
    161    **********   0.437736D-05   0.275179D-04   0.144724D+09
    162    **********   0.157464D-05   0.256564D-04   0.136252D+09
    163    **********   0.161506D-05   0.321546D-04   0.169408D+09
    164    **********   0.359865D-05   0.333904D-04   0.174607D+09
    165    **********   0.131906D-05   0.228430D-04   0.118521D+09
    166    **********   0.109901D-05   0.315319D-04   0.163789D+09
    167    **********   0.297359D-05   0.271784D-04   0.139528D+09
    168    **********   0.115826D-05   0.298902D-04   0.152120D+09
    169    **********   0.123015D-05   0.260987D-04   0.133358D+09
    170    **********   0.226437D-05   0.289596D-04   0.148005D+09
    171    **********   0.964442D-06   0.289105D-04   0.145257D+09
    172    **********   0.140467D-05   0.291478D-04   0.146361D+09
    173    **********   0.195698D-05   0.368947D-04   0.182381D+09
    174    **********   0.573836D-06   0.260163D-04   0.129554D+09
    175    **********   0.153883D-05   0.267046D-04   0.131753D+09
    176    **********   0.151641D-05   0.313555D-04   0.153338D+09
    177    **********   0.514824D-06   0.320969D-04   0.156158D+09
    178    **********   0.178235D-05   0.283050D-04   0.135726D+09
    179    **********   0.817818D-06   0.315698D-04   0.151607D+09
    180    **********   0.535417D-06   0.276005D-04   0.131893D+09
    181    **********   0.222249D-05   0.304337D-04   0.142519D+09
    182    **********   0.316269D-05   0.322581D-04   0.151787D+09
    183    **********   0.116915D-05   0.322361D-04   0.153270D+09
    184    **********   0.327721D-05   0.351003D-04   0.163547D+09
    185    **********   0.639455D-05   0.307195D-04   0.140486D+09
    186    **********   0.208342D-05   0.308437D-04   0.141579D+09
    187    **********   0.471839D-05   0.397887D-04   0.182225D+09
    188    **********   0.693552D-05   0.370938D-04   0.168522D+09
    189    **********   0.195681D-05   0.316871D-04   0.143931D+09
    190    **********   0.446577D-05   0.337565D-04   0.151695D+09
    191    **********   0.782632D-05   0.408964D-04   0.183757D+09
    192    **********   0.357640D-05   0.398447D-04   0.175764D+09
    193    **********   0.450252D-05   0.301827D-04   0.133802D+09
    194    **********   0.794385D-05   0.393925D-04   0.171191D+09
    195    **********   0.379029D-05   0.360867D-04   0.157420D+09
    196    **********   0.491384D-05   0.357238D-04   0.155296D+09
    197    **********   0.770648D-05   0.370165D-04   0.159511D+09
    198    **********   0.100309D-04   0.427881D-04   0.182763D+09
    199    **********   0.513115D-05   0.352750D-04   0.150821D+09
    200    **********   0.792950D-05   0.342781D-04   0.145079D+09

 TOTAL :               0.685525D+03   0.497467D+04   0.149228D+19
