 ****************** Start US v. 1.94 at 2015-05-07 12:21:22 ******************
 
 US run
 energy   6.040 GeV   current 200.0 mA   sige   0.0000000
 sigx    0.3950  mm   sigy   0.0099 mm   sigx1  0.0105 mr   sigy1  0.0039 mr
 period   1.800  cm   N         222      Kx      0.000      Ky      1.680
 emin    9972.1  eV   emax  55000.0 eV   ne        500
 d       30.000   m   xpc     0.000 mm   ypc     0.000 mm
 xps      3.000  mm   yps     3.000 mm   nxp        20      nyp        40
 mode         6       method      1      iharm       0   
 nphi        20       nalpha     40      calpha2   2.0
 nomega      64       comega    8.0      nsigma      4
 
 e1      7982.2  eV   l1      1.553  A
 ptot   18431.2   W   pd      693.7  W/mm^2
 
 
 Power density distribution @  30.000 m (W/mm^2):
 
 Integrated power     4955.5 W
 Contributing harmonics    1 to   26
 
    x(mm)      y(mm)     Power density       p1      p2      p3      p4
    0.0000     0.0000    6.843975E+02     0.997  -0.001   0.000   0.003
    0.0000     0.0375    6.841727E+02     0.997  -0.001   0.000   0.003
    0.0000     0.0750    6.833580E+02     0.996  -0.001   0.000   0.004
    0.0000     0.1125    6.819616E+02     0.995  -0.001   0.000   0.005
    0.0000     0.1500    6.800316E+02     0.993  -0.001   0.000   0.007
    0.0000     0.1875    6.775963E+02     0.991  -0.001   0.000   0.009
    0.0000     0.2250    6.746020E+02     0.988  -0.001   0.000   0.012
    0.0000     0.2625    6.710557E+02     0.984  -0.002   0.000   0.016
    0.0000     0.3000    6.670295E+02     0.981  -0.002   0.000   0.019
    0.0000     0.3375    6.624954E+02     0.976  -0.002   0.000   0.024
    0.0000     0.3750    6.574711E+02     0.971  -0.002   0.000   0.029
    0.0000     0.4125    6.519257E+02     0.966  -0.003   0.000   0.034
    0.0000     0.4500    6.460009E+02     0.961  -0.003   0.000   0.039
    0.0000     0.4875    6.395825E+02     0.955  -0.003   0.000   0.045
    0.0000     0.5250    6.327073E+02     0.948  -0.003   0.000   0.052
    0.0000     0.5625    6.254860E+02     0.941  -0.004   0.000   0.058
    0.0000     0.6000    6.178706E+02     0.934  -0.004   0.000   0.066
    0.0000     0.6375    6.098633E+02     0.927  -0.004   0.000   0.073
    0.0000     0.6750    6.014813E+02     0.920  -0.004   0.000   0.080
    0.0000     0.7125    5.928179E+02     0.912  -0.005   0.000   0.088
    0.0000     0.7500    5.838339E+02     0.904  -0.005   0.000   0.096
    0.0000     0.7875    5.745550E+02     0.895  -0.005   0.000   0.104
    0.0000     0.8250    5.649926E+02     0.887  -0.005   0.000   0.113
    0.0000     0.8625    5.552676E+02     0.879  -0.005   0.000   0.121
    0.0000     0.9000    5.452863E+02     0.870  -0.006   0.000   0.130
    0.0000     0.9375    5.350944E+02     0.861  -0.006   0.000   0.139
    0.0000     0.9750    5.248030E+02     0.852  -0.006   0.000   0.148
    0.0000     1.0125    5.143265E+02     0.843  -0.006   0.000   0.157
    0.0000     1.0500    5.037419E+02     0.834  -0.007   0.000   0.166
    0.0000     1.0875    4.930497E+02     0.826  -0.007   0.000   0.174
    0.0000     1.1250    4.823066E+02     0.817  -0.007   0.000   0.183
    0.0000     1.1625    4.714977E+02     0.808  -0.007   0.000   0.192
    0.0000     1.2000    4.606304E+02     0.799  -0.008   0.000   0.201
    0.0000     1.2375    4.497775E+02     0.790  -0.008   0.000   0.210
    0.0000     1.2750    4.389489E+02     0.781  -0.008   0.000   0.219
    0.0000     1.3125    4.280917E+02     0.772  -0.008   0.000   0.228
    0.0000     1.3500    4.172410E+02     0.764  -0.009   0.000   0.236
    0.0000     1.3875    4.063583E+02     0.755  -0.009   0.000   0.245
    0.0000     1.4250    3.952346E+02     0.747  -0.009   0.000   0.253
    0.0000     1.4625    3.835451E+02     0.739  -0.009   0.000   0.261
    0.0000     1.5000    3.706292E+02     0.731  -0.010   0.000   0.269
    0.0750     0.0000    6.843266E+02     0.997  -0.001   0.000   0.003
    0.0750     0.0375    6.840911E+02     0.997  -0.001   0.000   0.003
    0.0750     0.0750    6.832712E+02     0.996  -0.001   0.000   0.004
    0.0750     0.1125    6.818828E+02     0.995  -0.001   0.000   0.005
    0.0750     0.1500    6.799656E+02     0.993  -0.001   0.000   0.007
    0.0750     0.1875    6.775019E+02     0.991  -0.001   0.000   0.009
    0.0750     0.2250    6.744995E+02     0.988  -0.001   0.000   0.012
    0.0750     0.2625    6.709991E+02     0.984  -0.002   0.000   0.016
    0.0750     0.3000    6.669519E+02     0.981  -0.002   0.000   0.019
    0.0750     0.3375    6.624189E+02     0.976  -0.002   0.000   0.024
    0.0750     0.3750    6.573846E+02     0.971  -0.002   0.000   0.029
    0.0750     0.4125    6.518650E+02     0.966  -0.003   0.000   0.034
    0.0750     0.4500    6.459131E+02     0.961  -0.003   0.000   0.039
    0.0750     0.4875    6.395012E+02     0.955  -0.003   0.000   0.045
    0.0750     0.5250    6.326596E+02     0.948  -0.003   0.000   0.052
    0.0750     0.5625    6.254232E+02     0.942  -0.004   0.000   0.058
    0.0750     0.6000    6.177829E+02     0.934  -0.004   0.000   0.066
    0.0750     0.6375    6.097757E+02     0.927  -0.004   0.000   0.073
    0.0750     0.6750    6.014214E+02     0.920  -0.004   0.000   0.080
    0.0750     0.7125    5.927338E+02     0.912  -0.005   0.000   0.088
    0.0750     0.7500    5.837515E+02     0.904  -0.005   0.000   0.096
    0.0750     0.7875    5.744841E+02     0.896  -0.005   0.000   0.104
    0.0750     0.8250    5.649439E+02     0.887  -0.005   0.000   0.113
    0.0750     0.8625    5.551892E+02     0.879  -0.006   0.000   0.121
    0.0750     0.9000    5.452156E+02     0.870  -0.006   0.000   0.130
    0.0750     0.9375    5.350526E+02     0.861  -0.006   0.000   0.139
    0.0750     0.9750    5.247367E+02     0.852  -0.006   0.000   0.148
    0.0750     1.0125    5.142666E+02     0.843  -0.007   0.000   0.157
    0.0750     1.0500    5.036805E+02     0.834  -0.007   0.000   0.165
    0.0750     1.0875    4.929984E+02     0.826  -0.007   0.000   0.174
    0.0750     1.1250    4.822297E+02     0.817  -0.007   0.000   0.183
    0.0750     1.1625    4.714288E+02     0.808  -0.007   0.000   0.192
    0.0750     1.2000    4.605859E+02     0.799  -0.008   0.000   0.201
    0.0750     1.2375    4.497229E+02     0.790  -0.008   0.000   0.210
    0.0750     1.2750    4.388793E+02     0.781  -0.008   0.000   0.219
    0.0750     1.3125    4.280383E+02     0.772  -0.008   0.000   0.228
    0.0750     1.3500    4.171898E+02     0.764  -0.009   0.000   0.236
    0.0750     1.3875    4.063039E+02     0.755  -0.009   0.000   0.245
    0.0750     1.4250    3.951866E+02     0.747  -0.009   0.000   0.253
    0.0750     1.4625    3.834947E+02     0.739  -0.009   0.000   0.261
    0.0750     1.5000    3.705754E+02     0.731  -0.010   0.000   0.269
    0.1500     0.0000    6.839818E+02     0.997  -0.001   0.000   0.003
    0.1500     0.0375    6.837505E+02     0.997  -0.001   0.000   0.003
    0.1500     0.0750    6.829067E+02     0.996  -0.001   0.000   0.004
    0.1500     0.1125    6.815132E+02     0.995  -0.001   0.000   0.005
    0.1500     0.1500    6.796426E+02     0.993  -0.001   0.000   0.007
    0.1500     0.1875    6.771491E+02     0.991  -0.001   0.000   0.009
    0.1500     0.2250    6.741565E+02     0.988  -0.002   0.000   0.012
    0.1500     0.2625    6.706881E+02     0.984  -0.002   0.000   0.016
    0.1500     0.3000    6.665982E+02     0.981  -0.002   0.000   0.019
    0.1500     0.3375    6.620728E+02     0.976  -0.002   0.000   0.024
    0.1500     0.3750    6.570716E+02     0.971  -0.003   0.000   0.029
    0.1500     0.4125    6.515260E+02     0.966  -0.003   0.000   0.034
    0.1500     0.4500    6.455975E+02     0.961  -0.003   0.000   0.039
    0.1500     0.4875    6.391812E+02     0.955  -0.003   0.000   0.045
    0.1500     0.5250    6.323211E+02     0.948  -0.004   0.000   0.052
    0.1500     0.5625    6.251134E+02     0.942  -0.004   0.000   0.058
    0.1500     0.6000    6.174641E+02     0.935  -0.004   0.000   0.065
    0.1500     0.6375    6.094525E+02     0.927  -0.004   0.000   0.073
    0.1500     0.6750    6.011530E+02     0.920  -0.005   0.000   0.080
    0.1500     0.7125    5.924219E+02     0.912  -0.005   0.000   0.088
    0.1500     0.7500    5.834479E+02     0.904  -0.005   0.000   0.096
    0.1500     0.7875    5.741991E+02     0.896  -0.005   0.000   0.104
    0.1500     0.8250    5.646382E+02     0.887  -0.006   0.000   0.113
    0.1500     0.8625    5.549041E+02     0.879  -0.006   0.000   0.121
    0.1500     0.9000    5.449426E+02     0.870  -0.006   0.000   0.130
    0.1500     0.9375    5.347600E+02     0.861  -0.006   0.000   0.139
    0.1500     0.9750    5.244701E+02     0.852  -0.007   0.000   0.148
    0.1500     1.0125    5.139868E+02     0.843  -0.007   0.000   0.157
    0.1500     1.0500    5.033985E+02     0.835  -0.007   0.000   0.165
    0.1500     1.0875    4.927654E+02     0.826  -0.007   0.000   0.174
    0.1500     1.1250    4.819726E+02     0.817  -0.008   0.000   0.183
    0.1500     1.1625    4.711701E+02     0.808  -0.008   0.000   0.192
    0.1500     1.2000    4.603551E+02     0.799  -0.008   0.000   0.201
    0.1500     1.2375    4.494680E+02     0.790  -0.008   0.000   0.210
    0.1500     1.2750    4.386423E+02     0.781  -0.009   0.000   0.219
    0.1500     1.3125    4.278146E+02     0.772  -0.009   0.000   0.227
    0.1500     1.3500    4.169585E+02     0.764  -0.009   0.000   0.236
    0.1500     1.3875    4.060848E+02     0.755  -0.009   0.000   0.245
    0.1500     1.4250    3.949640E+02     0.747  -0.010   0.000   0.253
    0.1500     1.4625    3.832690E+02     0.739  -0.010   0.000   0.261
    0.1500     1.5000    3.703822E+02     0.731  -0.010   0.000   0.269
    0.2250     0.0000    6.833942E+02     0.997  -0.001   0.000   0.003
    0.2250     0.0375    6.831521E+02     0.997  -0.001   0.000   0.003
    0.2250     0.0750    6.823247E+02     0.996  -0.001   0.000   0.004
    0.2250     0.1125    6.809454E+02     0.995  -0.001   0.000   0.005
    0.2250     0.1500    6.790158E+02     0.993  -0.001   0.000   0.007
    0.2250     0.1875    6.765611E+02     0.991  -0.001   0.000   0.009
    0.2250     0.2250    6.735712E+02     0.988  -0.002   0.000   0.012
    0.2250     0.2625    6.700429E+02     0.984  -0.002   0.000   0.016
    0.2250     0.3000    6.660324E+02     0.981  -0.002   0.000   0.019
    0.2250     0.3375    6.615063E+02     0.976  -0.002   0.000   0.024
    0.2250     0.3750    6.564762E+02     0.971  -0.003   0.000   0.029
    0.2250     0.4125    6.509707E+02     0.966  -0.003   0.000   0.034
    0.2250     0.4500    6.450288E+02     0.961  -0.003   0.000   0.039
    0.2250     0.4875    6.386309E+02     0.955  -0.003   0.000   0.045
    0.2250     0.5250    6.317881E+02     0.948  -0.004   0.000   0.052
    0.2250     0.5625    6.245399E+02     0.942  -0.004   0.000   0.058
    0.2250     0.6000    6.169138E+02     0.935  -0.004   0.000   0.065
    0.2250     0.6375    6.089317E+02     0.927  -0.005   0.000   0.073
    0.2250     0.6750    6.005594E+02     0.920  -0.005   0.000   0.080
    0.2250     0.7125    5.919100E+02     0.912  -0.005   0.000   0.088
    0.2250     0.7500    5.829250E+02     0.904  -0.005   0.000   0.096
    0.2250     0.7875    5.736609E+02     0.896  -0.006   0.000   0.104
    0.2250     0.8250    5.641535E+02     0.887  -0.006   0.000   0.113
    0.2250     0.8625    5.544199E+02     0.879  -0.006   0.000   0.121
    0.2250     0.9000    5.444508E+02     0.870  -0.006   0.000   0.130
    0.2250     0.9375    5.342908E+02     0.861  -0.007   0.000   0.139
    0.2250     0.9750    5.239846E+02     0.852  -0.007   0.000   0.148
    0.2250     1.0125    5.135312E+02     0.844  -0.007   0.000   0.156
    0.2250     1.0500    5.029585E+02     0.835  -0.007   0.000   0.165
    0.2250     1.0875    4.922737E+02     0.826  -0.008   0.000   0.174
    0.2250     1.1250    4.815402E+02     0.817  -0.008   0.000   0.183
    0.2250     1.1625    4.707429E+02     0.808  -0.008   0.000   0.192
    0.2250     1.2000    4.599068E+02     0.799  -0.008   0.000   0.201
    0.2250     1.2375    4.490682E+02     0.790  -0.009   0.000   0.210
    0.2250     1.2750    4.382405E+02     0.781  -0.009   0.000   0.219
    0.2250     1.3125    4.274122E+02     0.773  -0.009   0.000   0.227
    0.2250     1.3500    4.165859E+02     0.764  -0.010   0.000   0.236
    0.2250     1.3875    4.057066E+02     0.756  -0.010   0.000   0.244
    0.2250     1.4250    3.945978E+02     0.747  -0.010   0.000   0.253
    0.2250     1.4625    3.829269E+02     0.739  -0.010   0.000   0.261
    0.2250     1.5000    3.700248E+02     0.731  -0.011   0.000   0.269
    0.3000     0.0000    6.825978E+02     0.997  -0.001   0.000   0.003
    0.3000     0.0375    6.823463E+02     0.997  -0.001   0.000   0.003
    0.3000     0.0750    6.815121E+02     0.996  -0.001   0.000   0.004
    0.3000     0.1125    6.801252E+02     0.995  -0.001   0.000   0.005
    0.3000     0.1500    6.782212E+02     0.993  -0.001   0.000   0.007
    0.3000     0.1875    6.757624E+02     0.991  -0.001   0.000   0.009
    0.3000     0.2250    6.727664E+02     0.988  -0.002   0.000   0.012
    0.3000     0.2625    6.692667E+02     0.984  -0.002   0.000   0.016
    0.3000     0.3000    6.652274E+02     0.981  -0.002   0.000   0.019
    0.3000     0.3375    6.607149E+02     0.976  -0.003   0.000   0.024
    0.3000     0.3750    6.557061E+02     0.971  -0.003   0.000   0.029
    0.3000     0.4125    6.501988E+02     0.966  -0.003   0.000   0.034
    0.3000     0.4500    6.442686E+02     0.961  -0.003   0.000   0.039
    0.3000     0.4875    6.378627E+02     0.955  -0.004   0.000   0.045
    0.3000     0.5250    6.310272E+02     0.948  -0.004   0.000   0.052
    0.3000     0.5625    6.237995E+02     0.942  -0.004   0.000   0.058
    0.3000     0.6000    6.161752E+02     0.935  -0.005   0.000   0.065
    0.3000     0.6375    6.081797E+02     0.927  -0.005   0.000   0.073
    0.3000     0.6750    5.998436E+02     0.920  -0.005   0.000   0.080
    0.3000     0.7125    5.911761E+02     0.912  -0.005   0.000   0.088
    0.3000     0.7500    5.822242E+02     0.904  -0.006   0.000   0.096
    0.3000     0.7875    5.729758E+02     0.896  -0.006   0.000   0.104
    0.3000     0.8250    5.634635E+02     0.887  -0.006   0.000   0.113
    0.3000     0.8625    5.537466E+02     0.879  -0.007   0.000   0.121
    0.3000     0.9000    5.437946E+02     0.870  -0.007   0.000   0.130
    0.3000     0.9375    5.336381E+02     0.861  -0.007   0.000   0.139
    0.3000     0.9750    5.233424E+02     0.853  -0.007   0.000   0.147
    0.3000     1.0125    5.128955E+02     0.844  -0.008   0.000   0.156
    0.3000     1.0500    5.023291E+02     0.835  -0.008   0.000   0.165
    0.3000     1.0875    4.916741E+02     0.826  -0.008   0.000   0.174
    0.3000     1.1250    4.809342E+02     0.817  -0.009   0.000   0.183
    0.3000     1.1625    4.701533E+02     0.808  -0.009   0.000   0.192
    0.3000     1.2000    4.593414E+02     0.799  -0.009   0.000   0.201
    0.3000     1.2375    4.484976E+02     0.790  -0.009   0.000   0.210
    0.3000     1.2750    4.376918E+02     0.781  -0.010   0.000   0.218
    0.3000     1.3125    4.268753E+02     0.773  -0.010   0.000   0.227
    0.3000     1.3500    4.160649E+02     0.764  -0.010   0.000   0.236
    0.3000     1.3875    4.051942E+02     0.756  -0.011   0.000   0.244
    0.3000     1.4250    3.940923E+02     0.747  -0.011   0.000   0.253
    0.3000     1.4625    3.824367E+02     0.739  -0.011   0.000   0.261
    0.3000     1.5000    3.695503E+02     0.732  -0.012   0.000   0.268
    0.3750     0.0000    6.815222E+02     0.997  -0.001   0.000   0.003
    0.3750     0.0375    6.813134E+02     0.997  -0.001   0.000   0.003
    0.3750     0.0750    6.804731E+02     0.996  -0.001   0.000   0.004
    0.3750     0.1125    6.790686E+02     0.995  -0.001   0.000   0.005
    0.3750     0.1500    6.772370E+02     0.993  -0.001   0.000   0.007
    0.3750     0.1875    6.747250E+02     0.991  -0.002   0.000   0.009
    0.3750     0.2250    6.717322E+02     0.988  -0.002   0.000   0.012
    0.3750     0.2625    6.682926E+02     0.984  -0.002   0.000   0.016
    0.3750     0.3000    6.641918E+02     0.981  -0.003   0.000   0.019
    0.3750     0.3375    6.596951E+02     0.976  -0.003   0.000   0.024
    0.3750     0.3750    6.547160E+02     0.971  -0.003   0.000   0.029
    0.3750     0.4125    6.491743E+02     0.966  -0.003   0.000   0.034
    0.3750     0.4500    6.432691E+02     0.961  -0.004   0.000   0.039
    0.3750     0.4875    6.368735E+02     0.955  -0.004   0.000   0.045
    0.3750     0.5250    6.300280E+02     0.948  -0.004   0.000   0.052
    0.3750     0.5625    6.228833E+02     0.942  -0.005   0.000   0.058
    0.3750     0.6000    6.152152E+02     0.935  -0.005   0.000   0.065
    0.3750     0.6375    6.072215E+02     0.927  -0.005   0.000   0.073
    0.3750     0.6750    5.989651E+02     0.920  -0.006   0.000   0.080
    0.3750     0.7125    5.902418E+02     0.912  -0.006   0.000   0.088
    0.3750     0.7500    5.813092E+02     0.904  -0.006   0.000   0.096
    0.3750     0.7875    5.721201E+02     0.896  -0.007   0.000   0.104
    0.3750     0.8250    5.625600E+02     0.887  -0.007   0.000   0.113
    0.3750     0.8625    5.528612E+02     0.879  -0.007   0.000   0.121
    0.3750     0.9000    5.429330E+02     0.870  -0.007   0.000   0.130
    0.3750     0.9375    5.327768E+02     0.861  -0.008   0.000   0.139
    0.3750     0.9750    5.225308E+02     0.853  -0.008   0.000   0.147
    0.3750     1.0125    5.120766E+02     0.844  -0.008   0.000   0.156
    0.3750     1.0500    5.015088E+02     0.835  -0.009   0.000   0.165
    0.3750     1.0875    4.909309E+02     0.826  -0.009   0.000   0.174
    0.3750     1.1250    4.801638E+02     0.817  -0.009   0.000   0.183
    0.3750     1.1625    4.693988E+02     0.808  -0.010   0.000   0.192
    0.3750     1.2000    4.586340E+02     0.799  -0.010   0.000   0.201
    0.3750     1.2375    4.477639E+02     0.790  -0.010   0.000   0.210
    0.3750     1.2750    4.369770E+02     0.782  -0.011   0.000   0.218
    0.3750     1.3125    4.261863E+02     0.773  -0.011   0.000   0.227
    0.3750     1.3500    4.153570E+02     0.764  -0.011   0.000   0.236
    0.3750     1.3875    4.045324E+02     0.756  -0.012   0.000   0.244
    0.3750     1.4250    3.934472E+02     0.748  -0.012   0.000   0.252
    0.3750     1.4625    3.817854E+02     0.740  -0.012   0.000   0.260
    0.3750     1.5000    3.689654E+02     0.732  -0.013   0.000   0.268
    0.4500     0.0000    6.802649E+02     0.997  -0.001   0.000   0.003
    0.4500     0.0375    6.800150E+02     0.997  -0.001   0.000   0.003
    0.4500     0.0750    6.791908E+02     0.996  -0.001   0.000   0.004
    0.4500     0.1125    6.777924E+02     0.995  -0.001   0.000   0.005
    0.4500     0.1500    6.759009E+02     0.993  -0.001   0.000   0.007
    0.4500     0.1875    6.734507E+02     0.991  -0.002   0.000   0.009
    0.4500     0.2250    6.704718E+02     0.988  -0.002   0.000   0.012
    0.4500     0.2625    6.669730E+02     0.984  -0.002   0.000   0.016
    0.4500     0.3000    6.629462E+02     0.981  -0.003   0.000   0.019
    0.4500     0.3375    6.584538E+02     0.976  -0.003   0.000   0.024
    0.4500     0.3750    6.534523E+02     0.971  -0.003   0.000   0.028
    0.4500     0.4125    6.479602E+02     0.966  -0.004   0.000   0.034
    0.4500     0.4500    6.420409E+02     0.961  -0.004   0.000   0.039
    0.4500     0.4875    6.356612E+02     0.955  -0.005   0.000   0.045
    0.4500     0.5250    6.288384E+02     0.948  -0.005   0.000   0.052
    0.4500     0.5625    6.216388E+02     0.942  -0.005   0.000   0.058
    0.4500     0.6000    6.140532E+02     0.935  -0.006   0.000   0.065
    0.4500     0.6375    6.060667E+02     0.927  -0.006   0.000   0.073
    0.4500     0.6750    5.977644E+02     0.920  -0.006   0.000   0.080
    0.4500     0.7125    5.891144E+02     0.912  -0.007   0.000   0.088
    0.4500     0.7500    5.802024E+02     0.904  -0.007   0.000   0.096
    0.4500     0.7875    5.709767E+02     0.896  -0.007   0.000   0.104
    0.4500     0.8250    5.614768E+02     0.887  -0.008   0.000   0.112
    0.4500     0.8625    5.517892E+02     0.879  -0.008   0.000   0.121
    0.4500     0.9000    5.418680E+02     0.870  -0.008   0.000   0.130
    0.4500     0.9375    5.317504E+02     0.862  -0.009   0.000   0.138
    0.4500     0.9750    5.214920E+02     0.853  -0.009   0.000   0.147
    0.4500     1.0125    5.110777E+02     0.844  -0.009   0.000   0.156
    0.4500     1.0500    5.005389E+02     0.835  -0.010   0.000   0.165
    0.4500     1.0875    4.899190E+02     0.826  -0.010   0.000   0.174
    0.4500     1.1250    4.792164E+02     0.817  -0.010   0.000   0.183
    0.4500     1.1625    4.684663E+02     0.808  -0.011   0.000   0.192
    0.4500     1.2000    4.576845E+02     0.799  -0.011   0.000   0.200
    0.4500     1.2375    4.468686E+02     0.791  -0.011   0.000   0.209
    0.4500     1.2750    4.361034E+02     0.782  -0.012   0.000   0.218
    0.4500     1.3125    4.253214E+02     0.773  -0.012   0.000   0.227
    0.4500     1.3500    4.145444E+02     0.765  -0.012   0.000   0.235
    0.4500     1.3875    4.037086E+02     0.756  -0.013   0.000   0.244
    0.4500     1.4250    3.926472E+02     0.748  -0.013   0.000   0.252
    0.4500     1.4625    3.810184E+02     0.740  -0.013   0.000   0.260
    0.4500     1.5000    3.681778E+02     0.732  -0.014   0.000   0.268
    0.5250     0.0000    6.787100E+02     0.997  -0.001   0.000   0.003
    0.5250     0.0375    6.784758E+02     0.997  -0.001   0.000   0.003
    0.5250     0.0750    6.776594E+02     0.996  -0.001   0.000   0.004
    0.5250     0.1125    6.762759E+02     0.995  -0.001   0.000   0.005
    0.5250     0.1500    6.743641E+02     0.993  -0.002   0.000   0.007
    0.5250     0.1875    6.719213E+02     0.991  -0.002   0.000   0.009
    0.5250     0.2250    6.689569E+02     0.988  -0.002   0.000   0.012
    0.5250     0.2625    6.654438E+02     0.984  -0.003   0.000   0.016
    0.5250     0.3000    6.614498E+02     0.981  -0.003   0.000   0.019
    0.5250     0.3375    6.569454E+02     0.976  -0.003   0.000   0.024
    0.5250     0.3750    6.519468E+02     0.972  -0.004   0.000   0.028
    0.5250     0.4125    6.464607E+02     0.966  -0.004   0.000   0.034
    0.5250     0.4500    6.405751E+02     0.961  -0.005   0.000   0.039
    0.5250     0.4875    6.342128E+02     0.955  -0.005   0.000   0.045
    0.5250     0.5250    6.273996E+02     0.948  -0.005   0.000   0.052
    0.5250     0.5625    6.202082E+02     0.942  -0.006   0.000   0.058
    0.5250     0.6000    6.126170E+02     0.935  -0.006   0.000   0.065
    0.5250     0.6375    6.046847E+02     0.928  -0.006   0.000   0.072
    0.5250     0.6750    5.963716E+02     0.920  -0.007   0.000   0.080
    0.5250     0.7125    5.877656E+02     0.912  -0.007   0.000   0.088
    0.5250     0.7500    5.788339E+02     0.904  -0.008   0.000   0.096
    0.5250     0.7875    5.696354E+02     0.896  -0.008   0.000   0.104
    0.5250     0.8250    5.601670E+02     0.888  -0.008   0.000   0.112
    0.5250     0.8625    5.505057E+02     0.879  -0.009   0.000   0.121
    0.5250     0.9000    5.406007E+02     0.870  -0.009   0.000   0.129
    0.5250     0.9375    5.304950E+02     0.862  -0.009   0.000   0.138
    0.5250     0.9750    5.202580E+02     0.853  -0.010   0.000   0.147
    0.5250     1.0125    5.098658E+02     0.844  -0.010   0.000   0.156
    0.5250     1.0500    4.993626E+02     0.835  -0.011   0.000   0.165
    0.5250     1.0875    4.887498E+02     0.826  -0.011   0.000   0.174
    0.5250     1.1250    4.780832E+02     0.817  -0.011   0.000   0.182
    0.5250     1.1625    4.673505E+02     0.809  -0.012   0.000   0.191
    0.5250     1.2000    4.565849E+02     0.800  -0.012   0.000   0.200
    0.5250     1.2375    4.458104E+02     0.791  -0.013   0.000   0.209
    0.5250     1.2750    4.350623E+02     0.782  -0.013   0.000   0.218
    0.5250     1.3125    4.242950E+02     0.773  -0.013   0.000   0.226
    0.5250     1.3500    4.135337E+02     0.765  -0.014   0.000   0.235
    0.5250     1.3875    4.027281E+02     0.756  -0.014   0.000   0.243
    0.5250     1.4250    3.916886E+02     0.748  -0.014   0.000   0.252
    0.5250     1.4625    3.800928E+02     0.740  -0.015   0.000   0.260
    0.5250     1.5000    3.672809E+02     0.732  -0.015   0.000   0.267
    0.6000     0.0000    6.769391E+02     0.997  -0.001   0.000   0.003
    0.6000     0.0375    6.767199E+02     0.997  -0.001   0.000   0.003
    0.6000     0.0750    6.758746E+02     0.996  -0.001   0.000   0.004
    0.6000     0.1125    6.745084E+02     0.995  -0.002   0.000   0.005
    0.6000     0.1500    6.726361E+02     0.993  -0.002   0.000   0.007
    0.6000     0.1875    6.701751E+02     0.991  -0.002   0.000   0.009
    0.6000     0.2250    6.672089E+02     0.988  -0.003   0.000   0.012
    0.6000     0.2625    6.637436E+02     0.984  -0.003   0.000   0.016
    0.6000     0.3000    6.597070E+02     0.981  -0.003   0.000   0.019
    0.6000     0.3375    6.552309E+02     0.976  -0.004   0.000   0.024
    0.6000     0.3750    6.502661E+02     0.972  -0.004   0.000   0.028
    0.6000     0.4125    6.447756E+02     0.966  -0.005   0.000   0.034
    0.6000     0.4500    6.388932E+02     0.961  -0.005   0.000   0.039
    0.6000     0.4875    6.325334E+02     0.955  -0.006   0.000   0.045
    0.6000     0.5250    6.257401E+02     0.949  -0.006   0.000   0.051
    0.6000     0.5625    6.185926E+02     0.942  -0.006   0.000   0.058
    0.6000     0.6000    6.110107E+02     0.935  -0.007   0.000   0.065
    0.6000     0.6375    6.030640E+02     0.928  -0.007   0.000   0.072
    0.6000     0.6750    5.948222E+02     0.920  -0.008   0.000   0.080
    0.6000     0.7125    5.861850E+02     0.912  -0.008   0.000   0.088
    0.6000     0.7500    5.773030E+02     0.904  -0.008   0.000   0.096
    0.6000     0.7875    5.681383E+02     0.896  -0.009   0.000   0.104
    0.6000     0.8250    5.586707E+02     0.888  -0.009   0.000   0.112
    0.6000     0.8625    5.490212E+02     0.879  -0.010   0.000   0.121
    0.6000     0.9000    5.391501E+02     0.871  -0.010   0.000   0.129
    0.6000     0.9375    5.290668E+02     0.862  -0.011   0.000   0.138
    0.6000     0.9750    5.188688E+02     0.853  -0.011   0.000   0.147
    0.6000     1.0125    5.084900E+02     0.844  -0.011   0.000   0.156
    0.6000     1.0500    4.979916E+02     0.835  -0.012   0.000   0.164
    0.6000     1.0875    4.874500E+02     0.827  -0.012   0.000   0.173
    0.6000     1.1250    4.767622E+02     0.818  -0.013   0.000   0.182
    0.6000     1.1625    4.660738E+02     0.809  -0.013   0.000   0.191
    0.6000     1.2000    4.553469E+02     0.800  -0.013   0.000   0.200
    0.6000     1.2375    4.445792E+02     0.791  -0.014   0.000   0.209
    0.6000     1.2750    4.338408E+02     0.782  -0.014   0.000   0.217
    0.6000     1.3125    4.231222E+02     0.774  -0.015   0.000   0.226
    0.6000     1.3500    4.123697E+02     0.765  -0.015   0.000   0.235
    0.6000     1.3875    4.016095E+02     0.757  -0.016   0.000   0.243
    0.6000     1.4250    3.905882E+02     0.749  -0.016   0.000   0.251
    0.6000     1.4625    3.790186E+02     0.740  -0.016   0.000   0.259
    0.6000     1.5000    3.662510E+02     0.733  -0.017   0.000   0.267
    0.6750     0.0000    6.749077E+02     0.997  -0.001   0.000   0.003
    0.6750     0.0375    6.746833E+02     0.997  -0.001   0.000   0.003
    0.6750     0.0750    6.738480E+02     0.996  -0.001   0.000   0.004
    0.6750     0.1125    6.724827E+02     0.995  -0.002   0.000   0.005
    0.6750     0.1500    6.705965E+02     0.993  -0.002   0.000   0.007
    0.6750     0.1875    6.681675E+02     0.991  -0.002   0.000   0.009
    0.6750     0.2250    6.651997E+02     0.988  -0.003   0.000   0.012
    0.6750     0.2625    6.617352E+02     0.985  -0.003   0.000   0.015
    0.6750     0.3000    6.577252E+02     0.981  -0.004   0.000   0.019
    0.6750     0.3375    6.532569E+02     0.976  -0.004   0.000   0.024
    0.6750     0.3750    6.482966E+02     0.972  -0.005   0.000   0.028
    0.6750     0.4125    6.428185E+02     0.966  -0.005   0.000   0.034
    0.6750     0.4500    6.369445E+02     0.961  -0.006   0.000   0.039
    0.6750     0.4875    6.306093E+02     0.955  -0.006   0.000   0.045
    0.6750     0.5250    6.238476E+02     0.949  -0.007   0.000   0.051
    0.6750     0.5625    6.166977E+02     0.942  -0.007   0.000   0.058
    0.6750     0.6000    6.091511E+02     0.935  -0.007   0.000   0.065
    0.6750     0.6375    6.012363E+02     0.928  -0.008   0.000   0.072
    0.6750     0.6750    5.929845E+02     0.920  -0.008   0.000   0.080
    0.6750     0.7125    5.844008E+02     0.912  -0.009   0.000   0.088
    0.6750     0.7500    5.755313E+02     0.904  -0.009   0.000   0.095
    0.6750     0.7875    5.663839E+02     0.896  -0.010   0.000   0.104
    0.6750     0.8250    5.569521E+02     0.888  -0.010   0.000   0.112
    0.6750     0.8625    5.473179E+02     0.879  -0.011   0.000   0.120
    0.6750     0.9000    5.374680E+02     0.871  -0.011   0.000   0.129
    0.6750     0.9375    5.274222E+02     0.862  -0.012   0.000   0.138
    0.6750     0.9750    5.172474E+02     0.853  -0.012   0.000   0.146
    0.6750     1.0125    5.069036E+02     0.845  -0.013   0.000   0.155
    0.6750     1.0500    4.964463E+02     0.836  -0.013   0.000   0.164
    0.6750     1.0875    4.859045E+02     0.827  -0.013   0.000   0.173
    0.6750     1.1250    4.752706E+02     0.818  -0.014   0.000   0.182
    0.6750     1.1625    4.646048E+02     0.809  -0.014   0.000   0.191
    0.6750     1.2000    4.538955E+02     0.800  -0.015   0.000   0.200
    0.6750     1.2375    4.431656E+02     0.792  -0.015   0.000   0.208
    0.6750     1.2750    4.324604E+02     0.783  -0.016   0.000   0.217
    0.6750     1.3125    4.217624E+02     0.774  -0.016   0.000   0.226
    0.6750     1.3500    4.110461E+02     0.766  -0.017   0.000   0.234
    0.6750     1.3875    4.003127E+02     0.757  -0.017   0.000   0.243
    0.6750     1.4250    3.893293E+02     0.749  -0.018   0.000   0.251
    0.6750     1.4625    3.777894E+02     0.741  -0.018   0.000   0.259
    0.6750     1.5000    3.650497E+02     0.733  -0.019   0.000   0.267
    0.7500     0.0000    6.725793E+02     0.997  -0.001   0.000   0.003
    0.7500     0.0375    6.723627E+02     0.997  -0.001   0.000   0.003
    0.7500     0.0750    6.715438E+02     0.996  -0.002   0.000   0.004
    0.7500     0.1125    6.701799E+02     0.995  -0.002   0.000   0.005
    0.7500     0.1500    6.682820E+02     0.993  -0.002   0.000   0.007
    0.7500     0.1875    6.658737E+02     0.991  -0.003   0.000   0.009
    0.7500     0.2250    6.629196E+02     0.988  -0.003   0.000   0.012
    0.7500     0.2625    6.594373E+02     0.985  -0.004   0.000   0.015
    0.7500     0.3000    6.554737E+02     0.981  -0.004   0.000   0.019
    0.7500     0.3375    6.510114E+02     0.976  -0.005   0.000   0.024
    0.7500     0.3750    6.460522E+02     0.972  -0.005   0.000   0.028
    0.7500     0.4125    6.405839E+02     0.967  -0.006   0.000   0.033
    0.7500     0.4500    6.347516E+02     0.961  -0.006   0.000   0.039
    0.7500     0.4875    6.284379E+02     0.955  -0.007   0.000   0.045
    0.7500     0.5250    6.216606E+02     0.949  -0.007   0.000   0.051
    0.7500     0.5625    6.145499E+02     0.942  -0.008   0.000   0.058
    0.7500     0.6000    6.070341E+02     0.935  -0.008   0.000   0.065
    0.7500     0.6375    5.991442E+02     0.928  -0.009   0.000   0.072
    0.7500     0.6750    5.909002E+02     0.920  -0.009   0.000   0.080
    0.7500     0.7125    5.823586E+02     0.913  -0.010   0.000   0.087
    0.7500     0.7500    5.735083E+02     0.905  -0.010   0.000   0.095
    0.7500     0.7875    5.643766E+02     0.896  -0.011   0.000   0.103
    0.7500     0.8250    5.549651E+02     0.888  -0.011   0.000   0.112
    0.7500     0.8625    5.454005E+02     0.880  -0.012   0.000   0.120
    0.7500     0.9000    5.355672E+02     0.871  -0.012   0.000   0.129
    0.7500     0.9375    5.255296E+02     0.862  -0.013   0.000   0.137
    0.7500     0.9750    5.154022E+02     0.854  -0.013   0.000   0.146
    0.7500     1.0125    5.050914E+02     0.845  -0.014   0.000   0.155
    0.7500     1.0500    4.946746E+02     0.836  -0.014   0.000   0.164
    0.7500     1.0875    4.841462E+02     0.827  -0.015   0.000   0.173
    0.7500     1.1250    4.735645E+02     0.818  -0.015   0.000   0.182
    0.7500     1.1625    4.629282E+02     0.809  -0.016   0.000   0.190
    0.7500     1.2000    4.522393E+02     0.801  -0.016   0.000   0.199
    0.7500     1.2375    4.415567E+02     0.792  -0.017   0.000   0.208
    0.7500     1.2750    4.308935E+02     0.783  -0.017   0.000   0.217
    0.7500     1.3125    4.202197E+02     0.775  -0.018   0.000   0.225
    0.7500     1.3500    4.095404E+02     0.766  -0.019   0.000   0.234
    0.7500     1.3875    3.988367E+02     0.758  -0.019   0.000   0.242
    0.7500     1.4250    3.878844E+02     0.749  -0.020   0.000   0.250
    0.7500     1.4625    3.763953E+02     0.741  -0.020   0.000   0.258
    0.7500     1.5000    3.636998E+02     0.734  -0.021   0.000   0.266
    0.8250     0.0000    6.700097E+02     0.997  -0.001   0.000   0.003
    0.8250     0.0375    6.697670E+02     0.997  -0.001   0.000   0.003
    0.8250     0.0750    6.689660E+02     0.996  -0.002   0.000   0.004
    0.8250     0.1125    6.675852E+02     0.995  -0.002   0.000   0.005
    0.8250     0.1500    6.657215E+02     0.993  -0.002   0.000   0.007
    0.8250     0.1875    6.632980E+02     0.991  -0.003   0.000   0.009
    0.8250     0.2250    6.603491E+02     0.988  -0.003   0.000   0.012
    0.8250     0.2625    6.568984E+02     0.985  -0.004   0.000   0.015
    0.8250     0.3000    6.529275E+02     0.981  -0.005   0.000   0.019
    0.8250     0.3375    6.484924E+02     0.976  -0.005   0.000   0.024
    0.8250     0.3750    6.435427E+02     0.972  -0.006   0.000   0.028
    0.8250     0.4125    6.381085E+02     0.967  -0.006   0.000   0.033
    0.8250     0.4500    6.322867E+02     0.961  -0.007   0.000   0.039
    0.8250     0.4875    6.259844E+02     0.955  -0.007   0.000   0.045
    0.8250     0.5250    6.192591E+02     0.949  -0.008   0.000   0.051
    0.8250     0.5625    6.121494E+02     0.942  -0.009   0.000   0.058
    0.8250     0.6000    6.046528E+02     0.935  -0.009   0.000   0.065
    0.8250     0.6375    5.967857E+02     0.928  -0.010   0.000   0.072
    0.8250     0.6750    5.885948E+02     0.921  -0.010   0.000   0.079
    0.8250     0.7125    5.800572E+02     0.913  -0.011   0.000   0.087
    0.8250     0.7500    5.712481E+02     0.905  -0.011   0.000   0.095
    0.8250     0.7875    5.621504E+02     0.897  -0.012   0.000   0.103
    0.8250     0.8250    5.527889E+02     0.888  -0.012   0.000   0.112
    0.8250     0.8625    5.432249E+02     0.880  -0.013   0.000   0.120
    0.8250     0.9000    5.334413E+02     0.871  -0.014   0.000   0.129
    0.8250     0.9375    5.234527E+02     0.863  -0.014   0.000   0.137
    0.8250     0.9750    5.133356E+02     0.854  -0.015   0.000   0.146
    0.8250     1.0125    5.030734E+02     0.845  -0.015   0.000   0.155
    0.8250     1.0500    4.926778E+02     0.836  -0.016   0.000   0.163
    0.8250     1.0875    4.822000E+02     0.828  -0.016   0.000   0.172
    0.8250     1.1250    4.716423E+02     0.819  -0.017   0.000   0.181
    0.8250     1.1625    4.610484E+02     0.810  -0.018   0.000   0.190
    0.8250     1.2000    4.504164E+02     0.801  -0.018   0.000   0.199
    0.8250     1.2375    4.397482E+02     0.792  -0.019   0.000   0.207
    0.8250     1.2750    4.291327E+02     0.784  -0.019   0.000   0.216
    0.8250     1.3125    4.184938E+02     0.775  -0.020   0.000   0.225
    0.8250     1.3500    4.078664E+02     0.767  -0.020   0.000   0.233
    0.8250     1.3875    3.971873E+02     0.758  -0.021   0.000   0.242
    0.8250     1.4250    3.862911E+02     0.750  -0.022   0.000   0.250
    0.8250     1.4625    3.748295E+02     0.742  -0.022   0.000   0.258
    0.8250     1.5000    3.621803E+02     0.734  -0.023   0.000   0.265
    0.9000     0.0000    6.670922E+02     0.997  -0.002   0.000   0.003
    0.9000     0.0375    6.668662E+02     0.997  -0.002   0.000   0.003
    0.9000     0.0750    6.660496E+02     0.996  -0.002   0.000   0.004
    0.9000     0.1125    6.646824E+02     0.995  -0.002   0.000   0.005
    0.9000     0.1500    6.628713E+02     0.993  -0.003   0.000   0.007
    0.9000     0.1875    6.604075E+02     0.991  -0.003   0.000   0.009
    0.9000     0.2250    6.574774E+02     0.988  -0.004   0.000   0.012
    0.9000     0.2625    6.540870E+02     0.985  -0.004   0.000   0.015
    0.9000     0.3000    6.500719E+02     0.981  -0.005   0.000   0.019
    0.9000     0.3375    6.456517E+02     0.977  -0.006   0.000   0.023
    0.9000     0.3750    6.407462E+02     0.972  -0.006   0.000   0.028
    0.9000     0.4125    6.353253E+02     0.967  -0.007   0.000   0.033
    0.9000     0.4500    6.295072E+02     0.961  -0.008   0.000   0.039
    0.9000     0.4875    6.232370E+02     0.955  -0.008   0.000   0.045
    0.9000     0.5250    6.165282E+02     0.949  -0.009   0.000   0.051
    0.9000     0.5625    6.094765E+02     0.942  -0.009   0.000   0.058
    0.9000     0.6000    6.019820E+02     0.935  -0.010   0.000   0.065
    0.9000     0.6375    5.941501E+02     0.928  -0.011   0.000   0.072
    0.9000     0.6750    5.860285E+02     0.921  -0.011   0.000   0.079
    0.9000     0.7125    5.774903E+02     0.913  -0.012   0.000   0.087
    0.9000     0.7500    5.686979E+02     0.905  -0.012   0.000   0.095
    0.9000     0.7875    5.596684E+02     0.897  -0.013   0.000   0.103
    0.9000     0.8250    5.503174E+02     0.889  -0.014   0.000   0.111
    0.9000     0.8625    5.407925E+02     0.880  -0.014   0.000   0.120
    0.9000     0.9000    5.310471E+02     0.872  -0.015   0.000   0.128
    0.9000     0.9375    5.211004E+02     0.863  -0.016   0.000   0.137
    0.9000     0.9750    5.110412E+02     0.854  -0.016   0.000   0.146
    0.9000     1.0125    5.007851E+02     0.846  -0.017   0.000   0.154
    0.9000     1.0500    4.904330E+02     0.837  -0.017   0.000   0.163
    0.9000     1.0875    4.800503E+02     0.828  -0.018   0.000   0.172
    0.9000     1.1250    4.695049E+02     0.819  -0.019   0.000   0.181
    0.9000     1.1625    4.589386E+02     0.810  -0.019   0.000   0.190
    0.9000     1.2000    4.483820E+02     0.801  -0.020   0.000   0.198
    0.9000     1.2375    4.377325E+02     0.793  -0.021   0.000   0.207
    0.9000     1.2750    4.271498E+02     0.784  -0.021   0.000   0.216
    0.9000     1.3125    4.165710E+02     0.776  -0.022   0.000   0.224
    0.9000     1.3500    4.059644E+02     0.767  -0.022   0.000   0.233
    0.9000     1.3875    3.953425E+02     0.759  -0.023   0.000   0.241
    0.9000     1.4250    3.844853E+02     0.750  -0.024   0.000   0.249
    0.9000     1.4625    3.730673E+02     0.742  -0.024   0.000   0.257
    0.9000     1.5000    3.605062E+02     0.735  -0.025   0.000   0.265
    0.9750     0.0000    6.638520E+02     0.997  -0.002   0.000   0.003
    0.9750     0.0375    6.635937E+02     0.997  -0.002   0.000   0.003
    0.9750     0.0750    6.627951E+02     0.996  -0.002   0.000   0.004
    0.9750     0.1125    6.614532E+02     0.995  -0.002   0.000   0.005
    0.9750     0.1500    6.595728E+02     0.993  -0.003   0.000   0.007
    0.9750     0.1875    6.571709E+02     0.991  -0.004   0.000   0.009
    0.9750     0.2250    6.542534E+02     0.988  -0.004   0.000   0.012
    0.9750     0.2625    6.508177E+02     0.985  -0.005   0.000   0.015
    0.9750     0.3000    6.469021E+02     0.981  -0.005   0.000   0.019
    0.9750     0.3375    6.424823E+02     0.977  -0.006   0.000   0.023
    0.9750     0.3750    6.375750E+02     0.972  -0.007   0.000   0.028
    0.9750     0.4125    6.322008E+02     0.967  -0.008   0.000   0.033
    0.9750     0.4500    6.264157E+02     0.961  -0.008   0.000   0.039
    0.9750     0.4875    6.201688E+02     0.955  -0.009   0.000   0.045
    0.9750     0.5250    6.134925E+02     0.949  -0.010   0.000   0.051
    0.9750     0.5625    6.064336E+02     0.942  -0.010   0.000   0.058
    0.9750     0.6000    5.989990E+02     0.936  -0.011   0.000   0.064
    0.9750     0.6375    5.911894E+02     0.928  -0.012   0.000   0.072
    0.9750     0.6750    5.830385E+02     0.921  -0.012   0.000   0.079
    0.9750     0.7125    5.745963E+02     0.913  -0.013   0.000   0.087
    0.9750     0.7500    5.658694E+02     0.905  -0.014   0.000   0.095
    0.9750     0.7875    5.568403E+02     0.897  -0.014   0.000   0.103
    0.9750     0.8250    5.475644E+02     0.889  -0.015   0.000   0.111
    0.9750     0.8625    5.380835E+02     0.880  -0.016   0.000   0.119
    0.9750     0.9000    5.283774E+02     0.872  -0.016   0.000   0.128
    0.9750     0.9375    5.184702E+02     0.863  -0.017   0.000   0.136
    0.9750     0.9750    5.084325E+02     0.855  -0.018   0.000   0.145
    0.9750     1.0125    4.982520E+02     0.846  -0.018   0.000   0.154
    0.9750     1.0500    4.879571E+02     0.837  -0.019   0.000   0.163
    0.9750     1.0875    4.775468E+02     0.828  -0.020   0.000   0.171
    0.9750     1.1250    4.670906E+02     0.819  -0.020   0.000   0.180
    0.9750     1.1625    4.565834E+02     0.811  -0.021   0.000   0.189
    0.9750     1.2000    4.460401E+02     0.802  -0.022   0.000   0.198
    0.9750     1.2375    4.354810E+02     0.793  -0.023   0.000   0.206
    0.9750     1.2750    4.249417E+02     0.785  -0.023   0.000   0.215
    0.9750     1.3125    4.144019E+02     0.776  -0.024   0.000   0.224
    0.9750     1.3500    4.038718E+02     0.768  -0.025   0.000   0.232
    0.9750     1.3875    3.932775E+02     0.759  -0.025   0.000   0.240
    0.9750     1.4250    3.824711E+02     0.751  -0.026   0.000   0.249
    0.9750     1.4625    3.711231E+02     0.743  -0.027   0.000   0.257
    0.9750     1.5000    3.585781E+02     0.735  -0.027   0.000   0.264
    1.0500     0.0000    6.601675E+02     0.997  -0.002   0.000   0.003
    1.0500     0.0375    6.599228E+02     0.997  -0.002   0.000   0.003
    1.0500     0.0750    6.591194E+02     0.996  -0.002   0.000   0.004
    1.0500     0.1125    6.577722E+02     0.995  -0.003   0.000   0.005
    1.0500     0.1500    6.559231E+02     0.993  -0.003   0.000   0.007
    1.0500     0.1875    6.535223E+02     0.991  -0.004   0.000   0.009
    1.0500     0.2250    6.506187E+02     0.988  -0.005   0.000   0.012
    1.0500     0.2625    6.472145E+02     0.985  -0.005   0.000   0.015
    1.0500     0.3000    6.432902E+02     0.981  -0.006   0.000   0.019
    1.0500     0.3375    6.389036E+02     0.977  -0.007   0.000   0.023
    1.0500     0.3750    6.340209E+02     0.972  -0.007   0.000   0.028
    1.0500     0.4125    6.286689E+02     0.967  -0.008   0.000   0.033
    1.0500     0.4500    6.229150E+02     0.961  -0.009   0.000   0.039
    1.0500     0.4875    6.166982E+02     0.955  -0.010   0.000   0.045
    1.0500     0.5250    6.100510E+02     0.949  -0.010   0.000   0.051
    1.0500     0.5625    6.030308E+02     0.943  -0.011   0.000   0.057
    1.0500     0.6000    5.956313E+02     0.936  -0.012   0.000   0.064
    1.0500     0.6375    5.878593E+02     0.929  -0.013   0.000   0.071
    1.0500     0.6750    5.797719E+02     0.921  -0.013   0.000   0.079
    1.0500     0.7125    5.713484E+02     0.913  -0.014   0.000   0.086
    1.0500     0.7500    5.626653E+02     0.906  -0.015   0.000   0.094
    1.0500     0.7875    5.536820E+02     0.897  -0.016   0.000   0.102
    1.0500     0.8250    5.444492E+02     0.889  -0.016   0.000   0.111
    1.0500     0.8625    5.350187E+02     0.881  -0.017   0.000   0.119
    1.0500     0.9000    5.253611E+02     0.872  -0.018   0.000   0.128
    1.0500     0.9375    5.155013E+02     0.864  -0.019   0.000   0.136
    1.0500     0.9750    5.055179E+02     0.855  -0.019   0.000   0.145
    1.0500     1.0125    4.953877E+02     0.846  -0.020   0.000   0.153
    1.0500     1.0500    4.851376E+02     0.838  -0.021   0.000   0.162
    1.0500     1.0875    4.748051E+02     0.829  -0.022   0.000   0.171
    1.0500     1.1250    4.643809E+02     0.820  -0.022   0.000   0.180
    1.0500     1.1625    4.539327E+02     0.811  -0.023   0.000   0.188
    1.0500     1.2000    4.434494E+02     0.802  -0.024   0.000   0.197
    1.0500     1.2375    4.329370E+02     0.794  -0.025   0.000   0.206
    1.0500     1.2750    4.224544E+02     0.785  -0.025   0.000   0.214
    1.0500     1.3125    4.119694E+02     0.777  -0.026   0.000   0.223
    1.0500     1.3500    4.014922E+02     0.768  -0.027   0.000   0.231
    1.0500     1.3875    3.909584E+02     0.760  -0.028   0.000   0.240
    1.0500     1.4250    3.802061E+02     0.752  -0.028   0.000   0.248
    1.0500     1.4625    3.689169E+02     0.744  -0.029   0.000   0.256
    1.0500     1.5000    3.564502E+02     0.736  -0.030   0.000   0.263
    1.1250     0.0000    6.559977E+02     0.997  -0.002   0.000   0.003
    1.1250     0.0375    6.557899E+02     0.997  -0.002   0.000   0.003
    1.1250     0.0750    6.549824E+02     0.996  -0.002   0.000   0.004
    1.1250     0.1125    6.536224E+02     0.995  -0.003   0.000   0.005
    1.1250     0.1500    6.518341E+02     0.993  -0.003   0.000   0.007
    1.1250     0.1875    6.494205E+02     0.991  -0.004   0.000   0.009
    1.1250     0.2250    6.465397E+02     0.988  -0.005   0.000   0.012
    1.1250     0.2625    6.431757E+02     0.985  -0.006   0.000   0.015
    1.1250     0.3000    6.392299E+02     0.981  -0.007   0.000   0.019
    1.1250     0.3375    6.348682E+02     0.977  -0.007   0.000   0.023
    1.1250     0.3750    6.300446E+02     0.972  -0.008   0.000   0.028
    1.1250     0.4125    6.246877E+02     0.967  -0.009   0.000   0.033
    1.1250     0.4500    6.189675E+02     0.961  -0.010   0.000   0.039
    1.1250     0.4875    6.127865E+02     0.956  -0.011   0.000   0.044
    1.1250     0.5250    6.061646E+02     0.949  -0.011   0.000   0.051
    1.1250     0.5625    5.992399E+02     0.943  -0.012   0.000   0.057
    1.1250     0.6000    5.918335E+02     0.936  -0.013   0.000   0.064
    1.1250     0.6375    5.841175E+02     0.929  -0.014   0.000   0.071
    1.1250     0.6750    5.761115E+02     0.921  -0.015   0.000   0.079
    1.1250     0.7125    5.677049E+02     0.914  -0.015   0.000   0.086
    1.1250     0.7500    5.590527E+02     0.906  -0.016   0.000   0.094
    1.1250     0.7875    5.501523E+02     0.898  -0.017   0.000   0.102
    1.1250     0.8250    5.409361E+02     0.889  -0.018   0.000   0.110
    1.1250     0.8625    5.315664E+02     0.881  -0.019   0.000   0.119
    1.1250     0.9000    5.219657E+02     0.873  -0.019   0.000   0.127
    1.1250     0.9375    5.121602E+02     0.864  -0.020   0.000   0.136
    1.1250     0.9750    5.022606E+02     0.855  -0.021   0.000   0.144
    1.1250     1.0125    4.921641E+02     0.847  -0.022   0.000   0.153
    1.1250     1.0500    4.819677E+02     0.838  -0.023   0.000   0.162
    1.1250     1.0875    4.717343E+02     0.829  -0.023   0.000   0.170
    1.1250     1.1250    4.613601E+02     0.820  -0.024   0.000   0.179
    1.1250     1.1625    4.509598E+02     0.812  -0.025   0.000   0.188
    1.1250     1.2000    4.405548E+02     0.803  -0.026   0.000   0.197
    1.1250     1.2375    4.300725E+02     0.794  -0.027   0.000   0.205
    1.1250     1.2750    4.196642E+02     0.786  -0.028   0.000   0.214
    1.1250     1.3125    4.092492E+02     0.777  -0.028   0.000   0.222
    1.1250     1.3500    3.988011E+02     0.769  -0.029   0.000   0.231
    1.1250     1.3875    3.883572E+02     0.760  -0.030   0.000   0.239
    1.1250     1.4250    3.776683E+02     0.752  -0.031   0.000   0.247
    1.1250     1.4625    3.664272E+02     0.744  -0.032   0.000   0.255
    1.1250     1.5000    3.540707E+02     0.737  -0.033   0.000   0.263
    1.2000     0.0000    6.512910E+02     0.997  -0.002   0.000   0.003
    1.2000     0.0375    6.510589E+02     0.997  -0.002   0.000   0.003
    1.2000     0.0750    6.502740E+02     0.996  -0.003   0.000   0.004
    1.2000     0.1125    6.489287E+02     0.995  -0.003   0.000   0.005
    1.2000     0.1500    6.471032E+02     0.993  -0.004   0.000   0.007
    1.2000     0.1875    6.447363E+02     0.991  -0.005   0.000   0.009
    1.2000     0.2250    6.418661E+02     0.988  -0.005   0.000   0.012
    1.2000     0.2625    6.385006E+02     0.985  -0.006   0.000   0.015
    1.2000     0.3000    6.346253E+02     0.981  -0.007   0.000   0.019
    1.2000     0.3375    6.302956E+02     0.977  -0.008   0.000   0.023
    1.2000     0.3750    6.254697E+02     0.972  -0.009   0.000   0.028
    1.2000     0.4125    6.201806E+02     0.967  -0.010   0.000   0.033
    1.2000     0.4500    6.144806E+02     0.962  -0.011   0.000   0.038
    1.2000     0.4875    6.083383E+02     0.956  -0.011   0.000   0.044
    1.2000     0.5250    6.017810E+02     0.949  -0.012   0.000   0.050
    1.2000     0.5625    5.948464E+02     0.943  -0.013   0.000   0.057
    1.2000     0.6000    5.875352E+02     0.936  -0.014   0.000   0.064
    1.2000     0.6375    5.798627E+02     0.929  -0.015   0.000   0.071
    1.2000     0.6750    5.718782E+02     0.922  -0.016   0.000   0.078
    1.2000     0.7125    5.635533E+02     0.914  -0.017   0.000   0.086
    1.2000     0.7500    5.549714E+02     0.906  -0.018   0.000   0.094
    1.2000     0.7875    5.460973E+02     0.898  -0.018   0.000   0.102
    1.2000     0.8250    5.369735E+02     0.890  -0.019   0.000   0.110
    1.2000     0.8625    5.276462E+02     0.881  -0.020   0.000   0.118
    1.2000     0.9000    5.181083E+02     0.873  -0.021   0.000   0.127
    1.2000     0.9375    5.083826E+02     0.864  -0.022   0.000   0.135
    1.2000     0.9750    4.985215E+02     0.856  -0.023   0.000   0.144
    1.2000     1.0125    4.885217E+02     0.847  -0.024   0.000   0.153
    1.2000     1.0500    4.783931E+02     0.838  -0.025   0.000   0.161
    1.2000     1.0875    4.681868E+02     0.830  -0.025   0.000   0.170
    1.2000     1.1250    4.579023E+02     0.821  -0.026   0.000   0.179
    1.2000     1.1625    4.475821E+02     0.812  -0.027   0.000   0.187
    1.2000     1.2000    4.372219E+02     0.804  -0.028   0.000   0.196
    1.2000     1.2375    4.268393E+02     0.795  -0.029   0.000   0.205
    1.2000     1.2750    4.164987E+02     0.786  -0.030   0.000   0.213
    1.2000     1.3125    4.061429E+02     0.778  -0.031   0.000   0.222
    1.2000     1.3500    3.957920E+02     0.769  -0.032   0.000   0.230
    1.2000     1.3875    3.853975E+02     0.761  -0.033   0.000   0.238
    1.2000     1.4250    3.747926E+02     0.753  -0.034   0.000   0.246
    1.2000     1.4625    3.636382E+02     0.745  -0.034   0.000   0.254
    1.2000     1.5000    3.513398E+02     0.737  -0.035   0.000   0.262
    1.2750     0.0000    6.458422E+02     0.997  -0.002   0.000   0.003
    1.2750     0.0375    6.456318E+02     0.997  -0.002   0.000   0.003
    1.2750     0.0750    6.448449E+02     0.996  -0.003   0.000   0.004
    1.2750     0.1125    6.435158E+02     0.995  -0.003   0.000   0.005
    1.2750     0.1500    6.416914E+02     0.993  -0.004   0.000   0.007
    1.2750     0.1875    6.393556E+02     0.991  -0.005   0.000   0.009
    1.2750     0.2250    6.365070E+02     0.988  -0.006   0.000   0.012
    1.2750     0.2625    6.331525E+02     0.985  -0.007   0.000   0.015
    1.2750     0.3000    6.293197E+02     0.981  -0.008   0.000   0.019
    1.2750     0.3375    6.250081E+02     0.977  -0.009   0.000   0.023
    1.2750     0.3750    6.202333E+02     0.972  -0.010   0.000   0.028
    1.2750     0.4125    6.149569E+02     0.967  -0.011   0.000   0.033
    1.2750     0.4500    6.093273E+02     0.962  -0.011   0.000   0.038
    1.2750     0.4875    6.032278E+02     0.956  -0.012   0.000   0.044
    1.2750     0.5250    5.967056E+02     0.950  -0.013   0.000   0.050
    1.2750     0.5625    5.898360E+02     0.943  -0.014   0.000   0.057
    1.2750     0.6000    5.825761E+02     0.936  -0.015   0.000   0.064
    1.2750     0.6375    5.749706E+02     0.929  -0.016   0.000   0.071
    1.2750     0.6750    5.670271E+02     0.922  -0.017   0.000   0.078
    1.2750     0.7125    5.587846E+02     0.914  -0.018   0.000   0.086
    1.2750     0.7500    5.502552E+02     0.906  -0.019   0.000   0.093
    1.2750     0.7875    5.414538E+02     0.898  -0.020   0.000   0.101
    1.2750     0.8250    5.323880E+02     0.890  -0.021   0.000   0.110
    1.2750     0.8625    5.231568E+02     0.882  -0.022   0.000   0.118
    1.2750     0.9000    5.136878E+02     0.873  -0.023   0.000   0.126
    1.2750     0.9375    5.040151E+02     0.865  -0.024   0.000   0.135
    1.2750     0.9750    4.942555E+02     0.856  -0.025   0.000   0.143
    1.2750     1.0125    4.843159E+02     0.848  -0.026   0.000   0.152
    1.2750     1.0500    4.742817E+02     0.839  -0.027   0.000   0.161
    1.2750     1.0875    4.641464E+02     0.830  -0.028   0.000   0.169
    1.2750     1.1250    4.539502E+02     0.821  -0.029   0.000   0.178
    1.2750     1.1625    4.437043E+02     0.813  -0.029   0.000   0.187
    1.2750     1.2000    4.334209E+02     0.804  -0.030   0.000   0.195
    1.2750     1.2375    4.231309E+02     0.795  -0.031   0.000   0.204
    1.2750     1.2750    4.128713E+02     0.787  -0.032   0.000   0.212
    1.2750     1.3125    4.025982E+02     0.778  -0.033   0.000   0.221
    1.2750     1.3500    3.923203E+02     0.770  -0.034   0.000   0.229
    1.2750     1.3875    3.820193E+02     0.762  -0.035   0.000   0.237
    1.2750     1.4250    3.714867E+02     0.754  -0.036   0.000   0.246
    1.2750     1.4625    3.604328E+02     0.746  -0.037   0.000   0.253
    1.2750     1.5000    3.482367E+02     0.738  -0.038   0.000   0.261
    1.3500     0.0000    6.395904E+02     0.997  -0.003   0.000   0.003
    1.3500     0.0375    6.393799E+02     0.997  -0.003   0.000   0.003
    1.3500     0.0750    6.385799E+02     0.996  -0.003   0.000   0.004
    1.3500     0.1125    6.372777E+02     0.995  -0.004   0.000   0.005
    1.3500     0.1500    6.354890E+02     0.993  -0.004   0.000   0.007
    1.3500     0.1875    6.331541E+02     0.991  -0.005   0.000   0.009
    1.3500     0.2250    6.303320E+02     0.988  -0.006   0.000   0.012
    1.3500     0.2625    6.270329E+02     0.985  -0.007   0.000   0.015
    1.3500     0.3000    6.231988E+02     0.981  -0.008   0.000   0.019
    1.3500     0.3375    6.189342E+02     0.977  -0.009   0.000   0.023
    1.3500     0.3750    6.142045E+02     0.972  -0.010   0.000   0.028
    1.3500     0.4125    6.089766E+02     0.967  -0.011   0.000   0.033
    1.3500     0.4500    6.033863E+02     0.962  -0.012   0.000   0.038
    1.3500     0.4875    5.973424E+02     0.956  -0.013   0.000   0.044
    1.3500     0.5250    5.908891E+02     0.950  -0.014   0.000   0.050
    1.3500     0.5625    5.840836E+02     0.943  -0.015   0.000   0.057
    1.3500     0.6000    5.768774E+02     0.936  -0.016   0.000   0.063
    1.3500     0.6375    5.693407E+02     0.929  -0.017   0.000   0.070
    1.3500     0.6750    5.614941E+02     0.922  -0.019   0.000   0.078
    1.3500     0.7125    5.532979E+02     0.914  -0.020   0.000   0.085
    1.3500     0.7500    5.448468E+02     0.907  -0.021   0.000   0.093
    1.3500     0.7875    5.361347E+02     0.899  -0.022   0.000   0.101
    1.3500     0.8250    5.271506E+02     0.890  -0.023   0.000   0.109
    1.3500     0.8625    5.179861E+02     0.882  -0.024   0.000   0.117
    1.3500     0.9000    5.086045E+02     0.874  -0.025   0.000   0.126
    1.3500     0.9375    4.990347E+02     0.865  -0.026   0.000   0.134
    1.3500     0.9750    4.893543E+02     0.857  -0.027   0.000   0.143
    1.3500     1.0125    4.795044E+02     0.848  -0.028   0.000   0.151
    1.3500     1.0500    4.695559E+02     0.839  -0.029   0.000   0.160
    1.3500     1.0875    4.595349E+02     0.831  -0.030   0.000   0.169
    1.3500     1.1250    4.494120E+02     0.822  -0.031   0.000   0.177
    1.3500     1.1625    4.392639E+02     0.813  -0.032   0.000   0.186
    1.3500     1.2000    4.290880E+02     0.805  -0.033   0.000   0.195
    1.3500     1.2375    4.188776E+02     0.796  -0.034   0.000   0.203
    1.3500     1.2750    4.087079E+02     0.788  -0.035   0.000   0.212
    1.3500     1.3125    3.985358E+02     0.779  -0.036   0.000   0.220
    1.3500     1.3500    3.883460E+02     0.771  -0.037   0.000   0.228
    1.3500     1.3875    3.781512E+02     0.762  -0.038   0.000   0.237
    1.3500     1.4250    3.677110E+02     0.754  -0.039   0.000   0.245
    1.3500     1.4625    3.567624E+02     0.746  -0.040   0.000   0.252
    1.3500     1.5000    3.446861E+02     0.739  -0.041   0.000   0.260
    1.4250     0.0000    6.323073E+02     0.997  -0.003   0.000   0.003
    1.4250     0.0375    6.320859E+02     0.997  -0.003   0.000   0.003
    1.4250     0.0750    6.312948E+02     0.996  -0.003   0.000   0.004
    1.4250     0.1125    6.300097E+02     0.995  -0.004   0.000   0.005
    1.4250     0.1500    6.282247E+02     0.993  -0.005   0.000   0.007
    1.4250     0.1875    6.259269E+02     0.991  -0.006   0.000   0.009
    1.4250     0.2250    6.231242E+02     0.988  -0.007   0.000   0.012
    1.4250     0.2625    6.198500E+02     0.985  -0.008   0.000   0.015
    1.4250     0.3000    6.160787E+02     0.981  -0.009   0.000   0.019
    1.4250     0.3375    6.118532E+02     0.977  -0.010   0.000   0.023
    1.4250     0.3750    6.071668E+02     0.972  -0.011   0.000   0.028
    1.4250     0.4125    6.020217E+02     0.967  -0.012   0.000   0.033
    1.4250     0.4500    5.964711E+02     0.962  -0.013   0.000   0.038
    1.4250     0.4875    5.904873E+02     0.956  -0.014   0.000   0.044
    1.4250     0.5250    5.841090E+02     0.950  -0.016   0.000   0.050
    1.4250     0.5625    5.773614E+02     0.943  -0.017   0.000   0.056
    1.4250     0.6000    5.702443E+02     0.937  -0.018   0.000   0.063
    1.4250     0.6375    5.627772E+02     0.930  -0.019   0.000   0.070
    1.4250     0.6750    5.550103E+02     0.922  -0.020   0.000   0.078
    1.4250     0.7125    5.469083E+02     0.915  -0.021   0.000   0.085
    1.4250     0.7500    5.385501E+02     0.907  -0.022   0.000   0.093
    1.4250     0.7875    5.299263E+02     0.899  -0.023   0.000   0.101
    1.4250     0.8250    5.210496E+02     0.891  -0.024   0.000   0.109
    1.4250     0.8625    5.119698E+02     0.883  -0.025   0.000   0.117
    1.4250     0.9000    5.027011E+02     0.874  -0.026   0.000   0.125
    1.4250     0.9375    4.932410E+02     0.866  -0.028   0.000   0.134
    1.4250     0.9750    4.836445E+02     0.857  -0.029   0.000   0.142
    1.4250     1.0125    4.739122E+02     0.849  -0.030   0.000   0.151
    1.4250     1.0500    4.640628E+02     0.840  -0.031   0.000   0.160
    1.4250     1.0875    4.541416E+02     0.831  -0.032   0.000   0.168
    1.4250     1.1250    4.441393E+02     0.823  -0.033   0.000   0.177
    1.4250     1.1625    4.341032E+02     0.814  -0.034   0.000   0.185
    1.4250     1.2000    4.240349E+02     0.805  -0.035   0.000   0.194
    1.4250     1.2375    4.139451E+02     0.797  -0.036   0.000   0.202
    1.4250     1.2750    4.038726E+02     0.788  -0.037   0.000   0.211
    1.4250     1.3125    3.938250E+02     0.780  -0.039   0.000   0.219
    1.4250     1.3500    3.837523E+02     0.771  -0.040   0.000   0.228
    1.4250     1.3875    3.736587E+02     0.763  -0.041   0.000   0.236
    1.4250     1.4250    3.633411E+02     0.755  -0.042   0.000   0.244
    1.4250     1.4625    3.525105E+02     0.747  -0.043   0.000   0.252
    1.4250     1.5000    3.405683E+02     0.740  -0.044   0.000   0.259
    1.5000     0.0000    6.237126E+02     0.997  -0.003   0.000   0.003
    1.5000     0.0375    6.235177E+02     0.997  -0.003   0.000   0.003
    1.5000     0.0750    6.227715E+02     0.996  -0.004   0.000   0.004
    1.5000     0.1125    6.214810E+02     0.995  -0.004   0.000   0.005
    1.5000     0.1500    6.197013E+02     0.993  -0.005   0.000   0.007
    1.5000     0.1875    6.174475E+02     0.991  -0.006   0.000   0.009
    1.5000     0.2250    6.146889E+02     0.988  -0.007   0.000   0.012
    1.5000     0.2625    6.114321E+02     0.985  -0.008   0.000   0.015
    1.5000     0.3000    6.077278E+02     0.981  -0.010   0.000   0.019
    1.5000     0.3375    6.035612E+02     0.977  -0.011   0.000   0.023
    1.5000     0.3750    5.989220E+02     0.972  -0.012   0.000   0.027
    1.5000     0.4125    5.938214E+02     0.967  -0.013   0.000   0.032
    1.5000     0.4500    5.883700E+02     0.962  -0.014   0.000   0.038
    1.5000     0.4875    5.824661E+02     0.956  -0.015   0.000   0.044
    1.5000     0.5250    5.761539E+02     0.950  -0.017   0.000   0.050
    1.5000     0.5625    5.694913E+02     0.944  -0.018   0.000   0.056
    1.5000     0.6000    5.624703E+02     0.937  -0.019   0.000   0.063
    1.5000     0.6375    5.551067E+02     0.930  -0.020   0.000   0.070
    1.5000     0.6750    5.474092E+02     0.923  -0.021   0.000   0.077
    1.5000     0.7125    5.394368E+02     0.915  -0.023   0.000   0.085
    1.5000     0.7500    5.311803E+02     0.907  -0.024   0.000   0.092
    1.5000     0.7875    5.226565E+02     0.899  -0.025   0.000   0.100
    1.5000     0.8250    5.138892E+02     0.891  -0.026   0.000   0.108
    1.5000     0.8625    5.049532E+02     0.883  -0.027   0.000   0.117
    1.5000     0.9000    4.957915E+02     0.875  -0.028   0.000   0.125
    1.5000     0.9375    4.864309E+02     0.866  -0.030   0.000   0.133
    1.5000     0.9750    4.769736E+02     0.858  -0.031   0.000   0.142
    1.5000     1.0125    4.673759E+02     0.849  -0.032   0.000   0.150
    1.5000     1.0500    4.576583E+02     0.840  -0.033   0.000   0.159
    1.5000     1.0875    4.478459E+02     0.832  -0.034   0.000   0.168
    1.5000     1.1250    4.379870E+02     0.823  -0.035   0.000   0.176
    1.5000     1.1625    4.280772E+02     0.815  -0.037   0.000   0.185
    1.5000     1.2000    4.181312E+02     0.806  -0.038   0.000   0.193
    1.5000     1.2375    4.081780E+02     0.797  -0.039   0.000   0.202
    1.5000     1.2750    3.982587E+02     0.789  -0.040   0.000   0.210
    1.5000     1.3125    3.883213E+02     0.780  -0.041   0.000   0.218
    1.5000     1.3500    3.783704E+02     0.772  -0.043   0.000   0.227
    1.5000     1.3875    3.684161E+02     0.764  -0.044   0.000   0.235
    1.5000     1.4250    3.582474E+02     0.756  -0.045   0.000   0.243
    1.5000     1.4625    3.475617E+02     0.748  -0.046   0.000   0.251
    1.5000     1.5000    3.357717E+02     0.740  -0.047   0.000   0.258
